{"C:\\Users\\user\\OneDrive\\Escritorio\\universidad\\bootcamp\\api-rest-ts2\\env.ts":{"path":"C:\\Users\\user\\OneDrive\\Escritorio\\universidad\\bootcamp\\api-rest-ts2\\env.ts","statementMap":{"0":{"start":{"line":2,"column":22},"end":{"line":4,"column":1}},"1":{"start":{"line":3,"column":4},"end":{"line":3,"column":62}},"2":{"start":{"line":5,"column":0},"end":{"line":5,"column":62}},"3":{"start":{"line":6,"column":14},"end":{"line":6,"column":79}},"4":{"start":{"line":7,"column":0},"end":{"line":14,"column":3}}},"fnMap":{"0":{"name":"(anonymous_0)","decl":{"start":{"line":2,"column":56},"end":{"line":2,"column":57}},"loc":{"start":{"line":2,"column":71},"end":{"line":4,"column":1}},"line":2}},"branchMap":{"0":{"loc":{"start":{"line":2,"column":22},"end":{"line":4,"column":1}},"type":"binary-expr","locations":[{"start":{"line":2,"column":23},"end":{"line":2,"column":27}},{"start":{"line":2,"column":31},"end":{"line":2,"column":51}},{"start":{"line":2,"column":56},"end":{"line":4,"column":1}}],"line":2},"1":{"loc":{"start":{"line":3,"column":11},"end":{"line":3,"column":61}},"type":"cond-expr","locations":[{"start":{"line":3,"column":37},"end":{"line":3,"column":40}},{"start":{"line":3,"column":43},"end":{"line":3,"column":61}}],"line":3},"2":{"loc":{"start":{"line":3,"column":12},"end":{"line":3,"column":33}},"type":"binary-expr","locations":[{"start":{"line":3,"column":12},"end":{"line":3,"column":15}},{"start":{"line":3,"column":19},"end":{"line":3,"column":33}}],"line":3}},"s":{"0":1,"1":1,"2":1,"3":1,"4":1},"f":{"0":1},"b":{"0":[1,1,1],"1":[0,1],"2":[1,1]},"inputSourceMap":{"version":3,"file":"env.js","sourceRoot":"","sources":["env.ts"],"names":[],"mappings":";;;;;AAcA,gFAAsC;AAEtC,kBAAe,aAAG,CAAC,KAAK,CAAC;IACxB,IAAI,EAAE,aAAG,CAAC,MAAM,CAAC,MAAM,CAAC,EAAE,MAAM,EAAE,MAAM,EAAE,CAAC;IAC3C,IAAI,EAAE,aAAG,CAAC,MAAM,CAAC,MAAM,EAAE;IACzB,OAAO,EAAE,aAAG,CAAC,MAAM,CAAC,MAAM,EAAE;IAC5B,QAAQ,EAAE,aAAG,CAAC,MAAM,CAAC,MAAM,EAAE;IAC5B,UAAU,EAAE,aAAG,CAAC,MAAM,CAAC,IAAI,CAAC,CAAC,OAAO,CAAU,CAAC;IAChD,QAAQ,EAAE,aAAG,CAAC,MAAM,CAAC,IAAI,CAAC,CAAC,aAAa,EAAE,YAAY,EAAE,MAAM,CAAU,CAAC;CACzE,CAAC,CAAA","sourcesContent":["/*\n|--------------------------------------------------------------------------\n| Validating Environment Variables\n|--------------------------------------------------------------------------\n|\n| In this file we define the rules for validating environment variables.\n| By performing validation we ensure that your application is running in\n| a stable environment with correct configuration values.\n|\n| This file is read automatically by the framework during the boot lifecycle\n| and hence do not rename or move this file to a different location.\n|\n*/\n\nimport Env from '@ioc:Adonis/Core/Env'\n\nexport default Env.rules({\n\tHOST: Env.schema.string({ format: 'host' }),\n\tPORT: Env.schema.number(),\n\tAPP_KEY: Env.schema.string(),\n\tAPP_NAME: Env.schema.string(),\n  DRIVE_DISK: Env.schema.enum(['local'] as const),\n\tNODE_ENV: Env.schema.enum(['development', 'production', 'test'] as const),\n})\n"]},"_coverageSchema":"1a1c01bbd47fc00a2c39e90264f33305004495a9","hash":"8ed06cff62a6a3584637c2886794f30151e75db4","contentHash":"1f4dbc606c17d22887d55fc387a4281117bcef6b853f6f544d02e96e9760b3f3"},"C:\\Users\\user\\OneDrive\\Escritorio\\universidad\\bootcamp\\api-rest-ts2\\config\\app.ts":{"path":"C:\\Users\\user\\OneDrive\\Escritorio\\universidad\\bootcamp\\api-rest-ts2\\config\\app.ts","statementMap":{"0":{"start":{"line":2,"column":22},"end":{"line":4,"column":1}},"1":{"start":{"line":3,"column":4},"end":{"line":3,"column":62}},"2":{"start":{"line":5,"column":0},"end":{"line":5,"column":62}},"3":{"start":{"line":6,"column":0},"end":{"line":6,"column":95}},"4":{"start":{"line":7,"column":21},"end":{"line":7,"column":59}},"5":{"start":{"line":8,"column":14},"end":{"line":8,"column":79}},"6":{"start":{"line":9,"column":0},"end":{"line":9,"column":46}},"7":{"start":{"line":10,"column":0},"end":{"line":26,"column":2}},"8":{"start":{"line":27,"column":0},"end":{"line":32,"column":2}},"9":{"start":{"line":33,"column":0},"end":{"line":37,"column":2}},"10":{"start":{"line":38,"column":0},"end":{"line":38,"column":23}}},"fnMap":{"0":{"name":"(anonymous_0)","decl":{"start":{"line":2,"column":56},"end":{"line":2,"column":57}},"loc":{"start":{"line":2,"column":71},"end":{"line":4,"column":1}},"line":2}},"branchMap":{"0":{"loc":{"start":{"line":2,"column":22},"end":{"line":4,"column":1}},"type":"binary-expr","locations":[{"start":{"line":2,"column":23},"end":{"line":2,"column":27}},{"start":{"line":2,"column":31},"end":{"line":2,"column":51}},{"start":{"line":2,"column":56},"end":{"line":4,"column":1}}],"line":2},"1":{"loc":{"start":{"line":3,"column":11},"end":{"line":3,"column":61}},"type":"cond-expr","locations":[{"start":{"line":3,"column":37},"end":{"line":3,"column":40}},{"start":{"line":3,"column":43},"end":{"line":3,"column":61}}],"line":3},"2":{"loc":{"start":{"line":3,"column":12},"end":{"line":3,"column":33}},"type":"binary-expr","locations":[{"start":{"line":3,"column":12},"end":{"line":3,"column":15}},{"start":{"line":3,"column":19},"end":{"line":3,"column":33}}],"line":3}},"s":{"0":1,"1":2,"2":1,"3":1,"4":1,"5":1,"6":1,"7":1,"8":1,"9":1,"10":1},"f":{"0":2},"b":{"0":[1,1,1],"1":[0,2],"2":[2,2]},"inputSourceMap":{"version":3,"file":"app.js","sourceRoot":"","sources":["app.ts"],"names":[],"mappings":";;;;;;AAOA,4DAAkC;AAClC,gFAAsC;AAmBzB,QAAA,MAAM,GAAW,aAAG,CAAC,GAAG,CAAC,SAAS,CAAC,CAAA;AAWnC,QAAA,IAAI,GAAiB;IAYhC,mBAAmB,EAAE,KAAK;IAO1B,eAAe,EAAE,CAAC;IAWlB,iBAAiB,EAAE,KAAK;IAWxB,UAAU,EAAE,oBAAS,CAAC,OAAO,CAAC,UAAU,CAAC;IAUzC,IAAI,EAAE,KAAK;IAOX,iBAAiB,EAAE,UAAU;IAO7B,MAAM,EAAE;QACN,MAAM,EAAE,EAAE;QACV,IAAI,EAAE,GAAG;QACT,MAAM,EAAE,IAAI;QACZ,QAAQ,EAAE,IAAI;QACd,MAAM,EAAE,KAAK;QACb,QAAQ,EAAE,KAAK;KAChB;IAkBD,yBAAyB,EAAE,kBAAkB;CAC9C,CAAA;AAOY,QAAA,MAAM,GAAiB;IAalC,IAAI,EAAE,aAAG,CAAC,GAAG,CAAC,UAAU,CAAC;IAUzB,OAAO,EAAE,IAAI;IAYb,KAAK,EAAE,aAAG,CAAC,GAAG,CAAC,WAAW,EAAE,MAAM,CAAC;IAWnC,WAAW,EAAE,aAAG,CAAC,GAAG,CAAC,UAAU,CAAC,KAAK,aAAa;CACnD,CAAA;AAOY,QAAA,QAAQ,GAAmB;IAStC,OAAO,EAAE,IAAI;IAWb,SAAS,EAAE,EAAE;IAWb,SAAS,EAAE,EAAE;CACd,CAAA;AAWY,QAAA,SAAS,GAAoB,EACzC,CAAA","sourcesContent":["/**\n * Config source: https://git.io/JfefZ\n *\n * Feel free to let us know via PR, if you find something broken in this config\n * file.\n */\n\nimport proxyAddr from 'proxy-addr'\nimport Env from '@ioc:Adonis/Core/Env'\nimport type { ServerConfig } from '@ioc:Adonis/Core/Server'\nimport type { LoggerConfig } from '@ioc:Adonis/Core/Logger'\nimport type { ProfilerConfig } from '@ioc:Adonis/Core/Profiler'\nimport type { ValidatorConfig } from '@ioc:Adonis/Core/Validator'\n\n/*\n|--------------------------------------------------------------------------\n| Application secret key\n|--------------------------------------------------------------------------\n|\n| The secret to encrypt and sign different values in your application.\n| Make sure to keep the `APP_KEY` as an environment variable and secure.\n|\n| Note: Changing the application key for an existing app will make all\n| the cookies invalid and also the existing encrypted data will not\n| be decrypted.\n|\n*/\nexport const appKey: string = Env.get('APP_KEY')\n\n/*\n|--------------------------------------------------------------------------\n| Http server configuration\n|--------------------------------------------------------------------------\n|\n| The configuration for the HTTP(s) server. Make sure to go through all\n| the config properties to make keep server secure.\n|\n*/\nexport const http: ServerConfig = {\n  /*\n  |--------------------------------------------------------------------------\n  | Allow method spoofing\n  |--------------------------------------------------------------------------\n  |\n  | Method spoofing enables defining custom HTTP methods using a query string\n  | `_method`. This is usually required when you are making traditional\n  | form requests and wants to use HTTP verbs like `PUT`, `DELETE` and\n  | so on.\n  |\n  */\n  allowMethodSpoofing: false,\n\n  /*\n  |--------------------------------------------------------------------------\n  | Subdomain offset\n  |--------------------------------------------------------------------------\n  */\n  subdomainOffset: 2,\n\n  /*\n  |--------------------------------------------------------------------------\n  | Request Ids\n  |--------------------------------------------------------------------------\n  |\n  | Setting this value to `true` will generate a unique request id for each\n  | HTTP request and set it as `x-request-id` header.\n  |\n  */\n  generateRequestId: false,\n\n  /*\n  |--------------------------------------------------------------------------\n  | Trusting proxy servers\n  |--------------------------------------------------------------------------\n  |\n  | Define the proxy servers that AdonisJs must trust for reading `X-Forwarded`\n  | headers.\n  |\n  */\n  trustProxy: proxyAddr.compile('loopback'),\n\n  /*\n  |--------------------------------------------------------------------------\n  | Generating Etag\n  |--------------------------------------------------------------------------\n  |\n  | Whether or not to generate an etag for every response.\n  |\n  */\n  etag: false,\n\n  /*\n  |--------------------------------------------------------------------------\n  | JSONP Callback\n  |--------------------------------------------------------------------------\n  */\n  jsonpCallbackName: 'callback',\n\n  /*\n  |--------------------------------------------------------------------------\n  | Cookie settings\n  |--------------------------------------------------------------------------\n  */\n  cookie: {\n    domain: '',\n    path: '/',\n    maxAge: '2h',\n    httpOnly: true,\n    secure: false,\n    sameSite: false,\n  },\n\n  /*\n  |--------------------------------------------------------------------------\n  | Force Content Negotiation\n  |--------------------------------------------------------------------------\n  |\n  | The internals of the framework relies on the content negotiation to\n  | detect the best possible response type for a given HTTP request.\n  |\n  | However, it is a very common these days that API servers always wants to\n  | make response in JSON regardless of the existence of the `Accept` header.\n  |\n  | By setting `forceContentNegotiationTo = 'application/json'`, you negotiate\n  | with the server in advance to always return JSON without relying on the\n  | client to set the header explicitly.\n  |\n  */\n  forceContentNegotiationTo: 'application/json',\n}\n\n/*\n|--------------------------------------------------------------------------\n| Logger\n|--------------------------------------------------------------------------\n*/\nexport const logger: LoggerConfig = {\n  /*\n  |--------------------------------------------------------------------------\n  | Application name\n  |--------------------------------------------------------------------------\n  |\n  | The name of the application you want to add to the log. It is recommended\n  | to always have app name in every log line.\n  |\n  | The `APP_NAME` environment variable is automatically set by AdonisJS by\n  | reading the `name` property from the `package.json` file.\n  |\n  */\n  name: Env.get('APP_NAME'),\n\n  /*\n  |--------------------------------------------------------------------------\n  | Toggle logger\n  |--------------------------------------------------------------------------\n  |\n  | Enable or disable logger application wide\n  |\n  */\n  enabled: true,\n\n  /*\n  |--------------------------------------------------------------------------\n  | Logging level\n  |--------------------------------------------------------------------------\n  |\n  | The level from which you want the logger to flush logs. It is recommended\n  | to make use of the environment variable, so that you can define log levels\n  | at deployment level and not code level.\n  |\n  */\n  level: Env.get('LOG_LEVEL', 'info'),\n\n  /*\n  |--------------------------------------------------------------------------\n  | Pretty print\n  |--------------------------------------------------------------------------\n  |\n  | It is highly advised NOT to use `prettyPrint` in production, since it\n  | can have huge impact on performance.\n  |\n  */\n  prettyPrint: Env.get('NODE_ENV') === 'development',\n}\n\n/*\n|--------------------------------------------------------------------------\n| Profiler\n|--------------------------------------------------------------------------\n*/\nexport const profiler: ProfilerConfig = {\n  /*\n  |--------------------------------------------------------------------------\n  | Toggle profiler\n  |--------------------------------------------------------------------------\n  |\n  | Enable or disable profiler\n  |\n  */\n  enabled: true,\n\n  /*\n  |--------------------------------------------------------------------------\n  | Blacklist actions/row labels\n  |--------------------------------------------------------------------------\n  |\n  | Define an array of actions or row labels that you want to disable from\n  | getting profiled.\n  |\n  */\n  blacklist: [],\n\n  /*\n  |--------------------------------------------------------------------------\n  | Whitelist actions/row labels\n  |--------------------------------------------------------------------------\n  |\n  | Define an array of actions or row labels that you want to whitelist for\n  | the profiler. When whitelist is defined, then `blacklist` is ignored.\n  |\n  */\n  whitelist: [],\n}\n\n/*\n|--------------------------------------------------------------------------\n| Validator\n|--------------------------------------------------------------------------\n|\n| Configure the global configuration for the validator. Here's the reference\n| to the default config https://git.io/JT0WE\n|\n*/\nexport const validator: ValidatorConfig = {\n}\n"]},"_coverageSchema":"1a1c01bbd47fc00a2c39e90264f33305004495a9","hash":"7fd61f80e8f063a69f513941e6221ec48b72e694","contentHash":"800eee8406803bc3739c321c23a9315b2a70807a5069c311af768cb0a3911838"},"C:\\Users\\user\\OneDrive\\Escritorio\\universidad\\bootcamp\\api-rest-ts2\\config\\bodyparser.ts":{"path":"C:\\Users\\user\\OneDrive\\Escritorio\\universidad\\bootcamp\\api-rest-ts2\\config\\bodyparser.ts","statementMap":{"0":{"start":{"line":2,"column":0},"end":{"line":2,"column":62}},"1":{"start":{"line":3,"column":25},"end":{"line":44,"column":1}},"2":{"start":{"line":45,"column":0},"end":{"line":45,"column":35}}},"fnMap":{},"branchMap":{},"s":{"0":1,"1":1,"2":1},"f":{},"b":{},"inputSourceMap":{"version":3,"file":"bodyparser.js","sourceRoot":"","sources":["bodyparser.ts"],"names":[],"mappings":";;AASA,MAAM,gBAAgB,GAAqB;IAUzC,kBAAkB,EAAE,CAAC,MAAM,EAAE,KAAK,EAAE,OAAO,EAAE,QAAQ,CAAC;IAWtD,IAAI,EAAE;QACJ,QAAQ,EAAE,OAAO;QACjB,KAAK,EAAE,KAAK;QACZ,MAAM,EAAE,IAAI;QACZ,KAAK,EAAE;YACL,kBAAkB;YAClB,6BAA6B;YAC7B,0BAA0B;YAC1B,wBAAwB;SACzB;KACF;IAWD,IAAI,EAAE;QACJ,QAAQ,EAAE,OAAO;QACjB,KAAK,EAAE,KAAK;QACZ,WAAW,EAAE,EAAE;QAYf,yBAAyB,EAAE,IAAI;QAE/B,KAAK,EAAE;YACL,mCAAmC;SACpC;KACF;IAYD,GAAG,EAAE;QACH,QAAQ,EAAE,OAAO;QACjB,KAAK,EAAE,KAAK;QACZ,WAAW,EAAE,EAAE;QACf,KAAK,EAAE;YACL,QAAQ;SACT;KACF;IAWD,SAAS,EAAE;QAcT,WAAW,EAAE,IAAI;QAsBjB,eAAe,EAAE,EAAE;QAuBnB,QAAQ,EAAE,OAAO;QAYjB,yBAAyB,EAAE,IAAI;QAW/B,SAAS,EAAE,IAAI;QAWf,KAAK,EAAE,MAAM;QAUb,KAAK,EAAE;YACL,qBAAqB;SACtB;KACF;CACF,CAAA;AAED,kBAAe,gBAAgB,CAAA","sourcesContent":["/**\n * Config source: https://git.io/Jfefn\n *\n * Feel free to let us know via PR, if you find something broken in this config\n * file.\n */\n\nimport type { BodyParserConfig } from '@ioc:Adonis/Core/BodyParser'\n\nconst bodyParserConfig: BodyParserConfig = {\n  /*\n  |--------------------------------------------------------------------------\n  | White listed methods\n  |--------------------------------------------------------------------------\n  |\n  | HTTP methods for which body parsing must be performed. It is a good practice\n  | to avoid body parsing for `GET` requests.\n  |\n  */\n  whitelistedMethods: ['POST', 'PUT', 'PATCH', 'DELETE'],\n\n  /*\n  |--------------------------------------------------------------------------\n  | JSON parser settings\n  |--------------------------------------------------------------------------\n  |\n  | The settings for the JSON parser. The types defines the request content\n  | types which gets processed by the JSON parser.\n  |\n  */\n  json: {\n    encoding: 'utf-8',\n    limit: '1mb',\n    strict: true,\n    types: [\n      'application/json',\n      'application/json-patch+json',\n      'application/vnd.api+json',\n      'application/csp-report',\n    ],\n  },\n\n  /*\n  |--------------------------------------------------------------------------\n  | Form parser settings\n  |--------------------------------------------------------------------------\n  |\n  | The settings for the `application/x-www-form-urlencoded` parser. The types\n  | defines the request content types which gets processed by the form parser.\n  |\n  */\n  form: {\n    encoding: 'utf-8',\n    limit: '1mb',\n    queryString: {},\n\n    /*\n    |--------------------------------------------------------------------------\n    | Convert empty strings to null\n    |--------------------------------------------------------------------------\n    |\n    | Convert empty form fields to null. HTML forms results in field string\n    | value when the field is left blank. This option normalizes all the blank\n    | field values to \"null\"\n    |\n    */\n    convertEmptyStringsToNull: true,\n\n    types: [\n      'application/x-www-form-urlencoded',\n    ],\n  },\n\n  /*\n  |--------------------------------------------------------------------------\n  | Raw body parser settings\n  |--------------------------------------------------------------------------\n  |\n  | Raw body just reads the request body stream as a plain text, which you\n  | can process by hand. This must be used when request body type is not\n  | supported by the body parser.\n  |\n  */\n  raw: {\n    encoding: 'utf-8',\n    limit: '1mb',\n    queryString: {},\n    types: [\n      'text/*',\n    ],\n  },\n\n  /*\n  |--------------------------------------------------------------------------\n  | Multipart parser settings\n  |--------------------------------------------------------------------------\n  |\n  | The settings for the `multipart/form-data` parser. The types defines the\n  | request content types which gets processed by the form parser.\n  |\n  */\n  multipart: {\n    /*\n    |--------------------------------------------------------------------------\n    | Auto process\n    |--------------------------------------------------------------------------\n    |\n    | The auto process option will process uploaded files and writes them to\n    | the `tmp` folder. You can turn it off and then manually use the stream\n    | to pipe stream to a different destination.\n    |\n    | It is recommended to keep `autoProcess=true`. Unless you are processing bigger\n    | file sizes.\n    |\n    */\n    autoProcess: true,\n\n    /*\n    |--------------------------------------------------------------------------\n    | Files to be processed manually\n    |--------------------------------------------------------------------------\n    |\n    | You can turn off `autoProcess` for certain routes by defining\n    | routes inside the following array.\n    |\n    | NOTE: Make sure the route pattern starts with a leading slash.\n    |\n    | Correct\n    | ```js\n    | /projects/:id/file\n    | ```\n    |\n    | Incorrect\n    | ```js\n    | projects/:id/file\n    | ```\n    */\n    processManually: [],\n\n    /*\n    |--------------------------------------------------------------------------\n    | Temporary file name\n    |--------------------------------------------------------------------------\n    |\n    | When auto processing is on. We will use this method to compute the temporary\n    | file name. AdonisJs will compute a unique `tmpPath` for you automatically,\n    | However, you can also define your own custom method.\n    |\n    */\n    // tmpFileName () {\n    // },\n\n    /*\n    |--------------------------------------------------------------------------\n    | Encoding\n    |--------------------------------------------------------------------------\n    |\n    | Request body encoding\n    |\n    */\n    encoding: 'utf-8',\n\n    /*\n    |--------------------------------------------------------------------------\n    | Convert empty strings to null\n    |--------------------------------------------------------------------------\n    |\n    | Convert empty form fields to null. HTML forms results in field string\n    | value when the field is left blank. This option normalizes all the blank\n    | field values to \"null\"\n    |\n    */\n    convertEmptyStringsToNull: true,\n\n    /*\n    |--------------------------------------------------------------------------\n    | Max Fields\n    |--------------------------------------------------------------------------\n    |\n    | The maximum number of fields allowed in the request body. The field includes\n    | text inputs and files both.\n    |\n    */\n    maxFields: 1000,\n\n    /*\n    |--------------------------------------------------------------------------\n    | Request body limit\n    |--------------------------------------------------------------------------\n    |\n    | The total limit to the multipart body. This includes all request files\n    | and fields data.\n    |\n    */\n    limit: '20mb',\n\n    /*\n    |--------------------------------------------------------------------------\n    | Types\n    |--------------------------------------------------------------------------\n    |\n    | The types that will be considered and parsed as multipart body.\n    |\n    */\n    types: [\n      'multipart/form-data',\n    ],\n  },\n}\n\nexport default bodyParserConfig\n"]},"_coverageSchema":"1a1c01bbd47fc00a2c39e90264f33305004495a9","hash":"54b42e2fd2943e848403fee23a4975cf7084f86f","contentHash":"dc373da4b7d49fd73d1fb5b418edbc9c63c652bc8ee57023d6ee27366fd26f66"},"C:\\Users\\user\\OneDrive\\Escritorio\\universidad\\bootcamp\\api-rest-ts2\\config\\cors.ts":{"path":"C:\\Users\\user\\OneDrive\\Escritorio\\universidad\\bootcamp\\api-rest-ts2\\config\\cors.ts","statementMap":{"0":{"start":{"line":2,"column":0},"end":{"line":2,"column":62}},"1":{"start":{"line":3,"column":19},"end":{"line":18,"column":1}},"2":{"start":{"line":19,"column":0},"end":{"line":19,"column":29}}},"fnMap":{},"branchMap":{},"s":{"0":1,"1":1,"2":1},"f":{},"b":{},"inputSourceMap":{"version":3,"file":"cors.js","sourceRoot":"","sources":["cors.ts"],"names":[],"mappings":";;AASA,MAAM,UAAU,GAAe;IAa7B,OAAO,EAAE,KAAK;IAwBd,MAAM,EAAE,IAAI;IAYZ,OAAO,EAAE,CAAC,KAAK,EAAE,MAAM,EAAE,MAAM,EAAE,KAAK,EAAE,QAAQ,CAAC;IAmBjD,OAAO,EAAE,IAAI;IAsBb,aAAa,EAAE;QACb,eAAe;QACf,kBAAkB;QAClB,cAAc;QACd,SAAS;QACT,eAAe;QACf,QAAQ;KACT;IAaD,WAAW,EAAE,IAAI;IAWjB,MAAM,EAAE,EAAE;CACX,CAAA;AAED,kBAAe,UAAU,CAAA","sourcesContent":["/**\n * Config source: https://git.io/JfefC\n *\n * Feel free to let us know via PR, if you find something broken in this config\n * file.\n */\n\nimport type { CorsConfig } from '@ioc:Adonis/Core/Cors'\n\nconst corsConfig: CorsConfig = {\n  /*\n  |--------------------------------------------------------------------------\n  | Enabled\n  |--------------------------------------------------------------------------\n  |\n  | A boolean to enable or disable CORS integration from your AdonisJs\n  | application.\n  |\n  | Setting the value to `true` will enable the CORS for all HTTP request. However,\n  | you can define a function to enable/disable it on per request basis as well.\n  |\n  */\n  enabled: false,\n\n  // You can also use a function that return true or false.\n  // enabled: (request) => request.url().startsWith('/api')\n\n  /*\n  |--------------------------------------------------------------------------\n  | Origin\n  |--------------------------------------------------------------------------\n  |\n  | Set a list of origins to be allowed for `Access-Control-Allow-Origin`.\n  | The value can be one of the following:\n  |\n  | https://developer.mozilla.org/en-US/docs/Web/HTTP/Headers/Access-Control-Allow-Origin\n  |\n  | Boolean (true)    - Allow current request origin.\n  | Boolean (false)   - Disallow all.\n  | String            - Comma separated list of allowed origins.\n  | Array             - An array of allowed origins.\n  | String (*)        - A wildcard (*) to allow all request origins.\n  | Function          - Receives the current origin string and should return\n  |                     one of the above values.\n  |\n  */\n  origin: true,\n\n  /*\n  |--------------------------------------------------------------------------\n  | Methods\n  |--------------------------------------------------------------------------\n  |\n  | An array of allowed HTTP methods for CORS. The `Access-Control-Request-Method`\n  | is checked against the following list.\n  |\n  | Following is the list of default methods. Feel free to add more.\n  */\n  methods: ['GET', 'HEAD', 'POST', 'PUT', 'DELETE'],\n\n  /*\n  |--------------------------------------------------------------------------\n  | Headers\n  |--------------------------------------------------------------------------\n  |\n  | List of headers to be allowed for `Access-Control-Allow-Headers` header.\n  | The value can be one of the following:\n  |\n  | https://developer.mozilla.org/en-US/docs/Web/HTTP/Headers/Access-Control-Request-Headers\n  |\n  | Boolean(true)     - Allow all headers mentioned in `Access-Control-Request-Headers`.\n  | Boolean(false)    - Disallow all headers.\n  | String            - Comma separated list of allowed headers.\n  | Array             - An array of allowed headers.\n  | Function          - Receives the current header and should return one of the above values.\n  |\n  */\n  headers: true,\n\n  /*\n  |--------------------------------------------------------------------------\n  | Expose Headers\n  |--------------------------------------------------------------------------\n  |\n  | A list of headers to be exposed by setting `Access-Control-Expose-Headers`.\n  | header. By default following 6 simple response headers are exposed.\n  |\n  | Cache-Control\n  | Content-Language\n  | Content-Type\n  | Expires\n  | Last-Modified\n  | Pragma\n  |\n  | In order to add more headers, simply define them inside the following array.\n  |\n  | https://developer.mozilla.org/en-US/docs/Web/HTTP/Headers/Access-Control-Expose-Headers\n  |\n  */\n  exposeHeaders: [\n    'cache-control',\n    'content-language',\n    'content-type',\n    'expires',\n    'last-modified',\n    'pragma',\n  ],\n\n  /*\n  |--------------------------------------------------------------------------\n  | Credentials\n  |--------------------------------------------------------------------------\n  |\n  | Toggle `Access-Control-Allow-Credentials` header. If value is set to `true`,\n  | then header will be set, otherwise not.\n  |\n  | https://developer.mozilla.org/en-US/docs/Web/HTTP/Headers/Access-Control-Allow-Credentials\n  |\n  */\n  credentials: true,\n\n  /*\n  |--------------------------------------------------------------------------\n  | MaxAge\n  |--------------------------------------------------------------------------\n  |\n  | Define `Access-Control-Max-Age` header in seconds.\n  | https://developer.mozilla.org/en-US/docs/Web/HTTP/Headers/Access-Control-Max-Age\n  |\n  */\n  maxAge: 90,\n}\n\nexport default corsConfig\n"]},"_coverageSchema":"1a1c01bbd47fc00a2c39e90264f33305004495a9","hash":"24cb5b32a06fe3f6be9af0a151c76dd9ce2f261a","contentHash":"9ab71f779cff8f2b2b4d0bc76bf478f830b0261991c354fbf4e3ca348d821084"},"C:\\Users\\user\\OneDrive\\Escritorio\\universidad\\bootcamp\\api-rest-ts2\\config\\database.ts":{"path":"C:\\Users\\user\\OneDrive\\Escritorio\\universidad\\bootcamp\\api-rest-ts2\\config\\database.ts","statementMap":{"0":{"start":{"line":2,"column":22},"end":{"line":4,"column":1}},"1":{"start":{"line":3,"column":4},"end":{"line":3,"column":62}},"2":{"start":{"line":5,"column":0},"end":{"line":5,"column":62}},"3":{"start":{"line":6,"column":14},"end":{"line":6,"column":79}},"4":{"start":{"line":7,"column":23},"end":{"line":26,"column":1}},"5":{"start":{"line":27,"column":0},"end":{"line":27,"column":33}}},"fnMap":{"0":{"name":"(anonymous_0)","decl":{"start":{"line":2,"column":56},"end":{"line":2,"column":57}},"loc":{"start":{"line":2,"column":71},"end":{"line":4,"column":1}},"line":2}},"branchMap":{"0":{"loc":{"start":{"line":2,"column":22},"end":{"line":4,"column":1}},"type":"binary-expr","locations":[{"start":{"line":2,"column":23},"end":{"line":2,"column":27}},{"start":{"line":2,"column":31},"end":{"line":2,"column":51}},{"start":{"line":2,"column":56},"end":{"line":4,"column":1}}],"line":2},"1":{"loc":{"start":{"line":3,"column":11},"end":{"line":3,"column":61}},"type":"cond-expr","locations":[{"start":{"line":3,"column":37},"end":{"line":3,"column":40}},{"start":{"line":3,"column":43},"end":{"line":3,"column":61}}],"line":3},"2":{"loc":{"start":{"line":3,"column":12},"end":{"line":3,"column":33}},"type":"binary-expr","locations":[{"start":{"line":3,"column":12},"end":{"line":3,"column":15}},{"start":{"line":3,"column":19},"end":{"line":3,"column":33}}],"line":3}},"s":{"0":1,"1":1,"2":1,"3":1,"4":1,"5":1},"f":{"0":1},"b":{"0":[1,1,1],"1":[0,1],"2":[1,1]},"inputSourceMap":{"version":3,"file":"database.js","sourceRoot":"","sources":["database.ts"],"names":[],"mappings":";;;;;AAOA,gFAAsC;AAGtC,MAAM,cAAc,GAAmB;IAWrC,UAAU,EAAE,aAAG,CAAC,GAAG,CAAC,eAAe,CAAC;IAEpC,WAAW,EAAE;QAYX,EAAE,EAAE;YACF,MAAM,EAAE,IAAI;YACZ,UAAU,EAAE;gBACV,IAAI,EAAE,aAAG,CAAC,GAAG,CAAC,SAAS,CAAC;gBACxB,IAAI,EAAE,aAAG,CAAC,GAAG,CAAC,SAAS,CAAC;gBACxB,IAAI,EAAE,aAAG,CAAC,GAAG,CAAC,SAAS,CAAC;gBACxB,QAAQ,EAAE,aAAG,CAAC,GAAG,CAAC,aAAa,EAAE,EAAE,CAAC;gBACpC,QAAQ,EAAE,aAAG,CAAC,GAAG,CAAC,YAAY,CAAC;aAChC;YACD,UAAU,EAAE;gBACV,WAAW,EAAE,IAAI;aAClB;YACD,WAAW,EAAE,KAAK;YAClB,KAAK,EAAE,KAAK;SACb;KAEF;CACF,CAAA;AAED,kBAAe,cAAc,CAAA","sourcesContent":["/**\n * Config source: https://git.io/JesV9\n *\n * Feel free to let us know via PR, if you find something broken in this config\n * file.\n */\n\nimport Env from '@ioc:Adonis/Core/Env'\nimport { DatabaseConfig } from '@ioc:Adonis/Lucid/Database'\n\nconst databaseConfig: DatabaseConfig = {\n  /*\n  |--------------------------------------------------------------------------\n  | Connection\n  |--------------------------------------------------------------------------\n  |\n  | The primary connection for making database queries across the application\n  | You can use any key from the `connections` object defined in this same\n  | file.\n  |\n  */\n  connection: Env.get('DB_CONNECTION'),\n\n  connections: {\n    /*\n    |--------------------------------------------------------------------------\n    | PostgreSQL config\n    |--------------------------------------------------------------------------\n    |\n    | Configuration for PostgreSQL database. Make sure to install the driver\n    | from npm when using this connection\n    |\n    | npm i pg\n    |\n    */\n    pg: {\n      client: 'pg',\n      connection: {\n        host: Env.get('PG_HOST'),\n        port: Env.get('PG_PORT'),\n        user: Env.get('PG_USER'),\n        password: Env.get('PG_PASSWORD', ''),\n        database: Env.get('PG_DB_NAME'),\n      },\n      migrations: {\n        naturalSort: true,\n      },\n      healthCheck: false,\n      debug: false,\n    },\n\n  }\n}\n\nexport default databaseConfig\n"]},"_coverageSchema":"1a1c01bbd47fc00a2c39e90264f33305004495a9","hash":"b88ebb4efc4b10ec897696ac2213a38b0498916b","contentHash":"b648bb9393d1e51631cf23844f9c0c0b20a1ea51362e2610e0385dd4b38dce78"},"C:\\Users\\user\\OneDrive\\Escritorio\\universidad\\bootcamp\\api-rest-ts2\\config\\drive.ts":{"path":"C:\\Users\\user\\OneDrive\\Escritorio\\universidad\\bootcamp\\api-rest-ts2\\config\\drive.ts","statementMap":{"0":{"start":{"line":2,"column":22},"end":{"line":4,"column":1}},"1":{"start":{"line":3,"column":4},"end":{"line":3,"column":62}},"2":{"start":{"line":5,"column":0},"end":{"line":5,"column":62}},"3":{"start":{"line":6,"column":14},"end":{"line":6,"column":79}},"4":{"start":{"line":7,"column":17},"end":{"line":7,"column":55}},"5":{"start":{"line":8,"column":22},"end":{"line":8,"column":95}},"6":{"start":{"line":9,"column":0},"end":{"line":20,"column":3}}},"fnMap":{"0":{"name":"(anonymous_0)","decl":{"start":{"line":2,"column":56},"end":{"line":2,"column":57}},"loc":{"start":{"line":2,"column":71},"end":{"line":4,"column":1}},"line":2}},"branchMap":{"0":{"loc":{"start":{"line":2,"column":22},"end":{"line":4,"column":1}},"type":"binary-expr","locations":[{"start":{"line":2,"column":23},"end":{"line":2,"column":27}},{"start":{"line":2,"column":31},"end":{"line":2,"column":51}},{"start":{"line":2,"column":56},"end":{"line":4,"column":1}}],"line":2},"1":{"loc":{"start":{"line":3,"column":11},"end":{"line":3,"column":61}},"type":"cond-expr","locations":[{"start":{"line":3,"column":37},"end":{"line":3,"column":40}},{"start":{"line":3,"column":43},"end":{"line":3,"column":61}}],"line":3},"2":{"loc":{"start":{"line":3,"column":12},"end":{"line":3,"column":33}},"type":"binary-expr","locations":[{"start":{"line":3,"column":12},"end":{"line":3,"column":15}},{"start":{"line":3,"column":19},"end":{"line":3,"column":33}}],"line":3}},"s":{"0":1,"1":2,"2":1,"3":1,"4":1,"5":1,"6":1},"f":{"0":2},"b":{"0":[1,1,1],"1":[0,2],"2":[2,2]},"inputSourceMap":{"version":3,"file":"drive.js","sourceRoot":"","sources":["drive.ts"],"names":[],"mappings":";;;;;AAOA,gFAAsC;AACtC,wDAAyD;AACzD,gGAAsD;AAWtD,kBAAe,IAAA,oBAAW,EAAC;IAUzB,IAAI,EAAE,aAAG,CAAC,GAAG,CAAC,YAAY,CAAC;IAE3B,KAAK,EAAE;QAUL,KAAK,EAAE;YACL,MAAM,EAAE,OAAO;YACf,UAAU,EAAE,QAAQ;YAWpB,IAAI,EAAE,qBAAW,CAAC,OAAO,CAAC,SAAS,CAAC;YAYpC,UAAU,EAAE,IAAI;YAYhB,QAAQ,EAAE,UAAU;SACrB;KAmEF;CACF,CAAC,CAAA","sourcesContent":["/**\n * Config source: https://git.io/JBt3o\n *\n * Feel free to let us know via PR, if you find something broken in this config\n * file.\n */\n\nimport Env from '@ioc:Adonis/Core/Env'\nimport { driveConfig } from '@adonisjs/core/build/config'\nimport Application from '@ioc:Adonis/Core/Application'\n\n/*\n|--------------------------------------------------------------------------\n| Drive Config\n|--------------------------------------------------------------------------\n|\n| The `DriveConfig` relies on the `DisksList` interface which is\n| defined inside the `contracts` directory.\n|\n*/\nexport default driveConfig({\n  /*\n  |--------------------------------------------------------------------------\n  | Default disk\n  |--------------------------------------------------------------------------\n  |\n  | The default disk to use for managing file uploads. The value is driven by\n  | the `DRIVE_DISK` environment variable.\n  |\n  */\n  disk: Env.get('DRIVE_DISK'),\n\n  disks: {\n    /*\n    |--------------------------------------------------------------------------\n    | Local\n    |--------------------------------------------------------------------------\n    |\n    | Uses the local file system to manage files. Make sure to turn off serving\n    | files when not using this disk.\n    |\n    */\n    local: {\n      driver: 'local',\n      visibility: 'public',\n\n      /*\n      |--------------------------------------------------------------------------\n      | Storage root - Local driver only\n      |--------------------------------------------------------------------------\n      |\n      | Define an absolute path to the storage directory from where to read the\n      | files.\n      |\n      */\n      root: Application.tmpPath('uploads'),\n\n      /*\n      |--------------------------------------------------------------------------\n      | Serve files - Local driver only\n      |--------------------------------------------------------------------------\n      |\n      | When this is set to true, AdonisJS will configure a files server to serve\n      | files from the disk root. This is done to mimic the behavior of cloud\n      | storage services that has inbuilt capabilities to serve files.\n      |\n      */\n      serveFiles: true,\n\n      /*\n      |--------------------------------------------------------------------------\n      | Base path - Local driver only\n      |--------------------------------------------------------------------------\n      |\n      | Base path is always required when \"serveFiles = true\". Also make sure\n      | the `basePath` is unique across all the disks using \"local\" driver and\n      | you are not registering routes with this prefix.\n      |\n      */\n      basePath: '/uploads',\n    },\n\n    /*\n    |--------------------------------------------------------------------------\n    | S3 Driver\n    |--------------------------------------------------------------------------\n    |\n    | Uses the S3 cloud storage to manage files. Make sure to install the s3\n    | drive separately when using it.\n    |\n    |**************************************************************************\n    | npm i @adonisjs/drive-s3\n    |**************************************************************************\n    |\n    */\n    // s3: {\n    //   driver: 's3',\n    //   visibility: 'public',\n    //   key: Env.get('S3_KEY'),\n    //   secret: Env.get('S3_SECRET'),\n    //   region: Env.get('S3_REGION'),\n    //   bucket: Env.get('S3_BUCKET'),\n    //   endpoint: Env.get('S3_ENDPOINT'),\n    //\n    //  // For minio to work\n    //  // forcePathStyle: true,\n    // },\n\n    /*\n    |--------------------------------------------------------------------------\n    | GCS Driver\n    |--------------------------------------------------------------------------\n    |\n    | Uses the Google cloud storage to manage files. Make sure to install the GCS\n    | drive separately when using it.\n    |\n    |**************************************************************************\n    | npm i @adonisjs/drive-gcs\n    |**************************************************************************\n    |\n    */\n    // gcs: {\n    //   driver: 'gcs',\n    //   visibility: 'public',\n    //   keyFilename: Env.get('GCS_KEY_FILENAME'),\n    //   bucket: Env.get('GCS_BUCKET'),\n\n      /*\n      |--------------------------------------------------------------------------\n      | Uniform ACL - Google cloud storage only\n      |--------------------------------------------------------------------------\n      |\n      | When using the Uniform ACL on the bucket, the \"visibility\" option is\n      | ignored. Since, the files ACL is managed by the google bucket policies\n      | directly.\n      |\n      |**************************************************************************\n      | Learn more: https://cloud.google.com/storage/docs/uniform-bucket-level-access\n      |**************************************************************************\n      |\n      | The following option just informs drive whether your bucket is using uniform\n      | ACL or not. The actual setting needs to be toggled within the Google cloud\n      | console.\n      |\n      */\n    //   usingUniformAcl: false,\n    // },\n  },\n})\n"]},"_coverageSchema":"1a1c01bbd47fc00a2c39e90264f33305004495a9","hash":"6c8d3c746459f9489af31dbad6d01f5c5aa2b87f","contentHash":"9f88d6ba9f69558494d8ec77b8b13d857e413afa7ffe6aa20d6f4f3ab02a1a86"},"C:\\Users\\user\\OneDrive\\Escritorio\\universidad\\bootcamp\\api-rest-ts2\\config\\hash.ts":{"path":"C:\\Users\\user\\OneDrive\\Escritorio\\universidad\\bootcamp\\api-rest-ts2\\config\\hash.ts","statementMap":{"0":{"start":{"line":2,"column":22},"end":{"line":4,"column":1}},"1":{"start":{"line":3,"column":4},"end":{"line":3,"column":62}},"2":{"start":{"line":5,"column":0},"end":{"line":5,"column":62}},"3":{"start":{"line":6,"column":14},"end":{"line":6,"column":79}},"4":{"start":{"line":7,"column":17},"end":{"line":7,"column":55}},"5":{"start":{"line":8,"column":0},"end":{"line":33,"column":3}}},"fnMap":{"0":{"name":"(anonymous_0)","decl":{"start":{"line":2,"column":56},"end":{"line":2,"column":57}},"loc":{"start":{"line":2,"column":71},"end":{"line":4,"column":1}},"line":2}},"branchMap":{"0":{"loc":{"start":{"line":2,"column":22},"end":{"line":4,"column":1}},"type":"binary-expr","locations":[{"start":{"line":2,"column":23},"end":{"line":2,"column":27}},{"start":{"line":2,"column":31},"end":{"line":2,"column":51}},{"start":{"line":2,"column":56},"end":{"line":4,"column":1}}],"line":2},"1":{"loc":{"start":{"line":3,"column":11},"end":{"line":3,"column":61}},"type":"cond-expr","locations":[{"start":{"line":3,"column":37},"end":{"line":3,"column":40}},{"start":{"line":3,"column":43},"end":{"line":3,"column":61}}],"line":3},"2":{"loc":{"start":{"line":3,"column":12},"end":{"line":3,"column":33}},"type":"binary-expr","locations":[{"start":{"line":3,"column":12},"end":{"line":3,"column":15}},{"start":{"line":3,"column":19},"end":{"line":3,"column":33}}],"line":3}},"s":{"0":1,"1":1,"2":1,"3":1,"4":1,"5":1},"f":{"0":1},"b":{"0":[1,1,1],"1":[0,1],"2":[1,1]},"inputSourceMap":{"version":3,"file":"hash.js","sourceRoot":"","sources":["hash.ts"],"names":[],"mappings":";;;;;AAOA,gFAAsC;AACtC,wDAAwD;AAWxD,kBAAe,IAAA,mBAAU,EAAC;IAUxB,OAAO,EAAE,aAAG,CAAC,GAAG,CAAC,aAAa,EAAE,QAAQ,CAAC;IAEzC,IAAI,EAAE;QAcJ,MAAM,EAAE;YACN,MAAM,EAAE,QAAQ;YAChB,IAAI,EAAE,KAAK;YACX,SAAS,EAAE,CAAC;YACZ,eAAe,EAAE,CAAC;YAClB,QAAQ,EAAE,EAAE;YACZ,SAAS,EAAE,EAAE;YACb,SAAS,EAAE,EAAE,GAAG,IAAI,GAAG,IAAI;SAC5B;QAeD,KAAK,EAAE;YACL,MAAM,EAAE,QAAQ;YAChB,OAAO,EAAE,IAAI;YACb,UAAU,EAAE,CAAC;YACb,MAAM,EAAE,IAAI;YACZ,WAAW,EAAE,CAAC;YACd,QAAQ,EAAE,EAAE;SACb;QAeD,MAAM,EAAE;YACN,MAAM,EAAE,QAAQ;YAChB,MAAM,EAAE,EAAE;SACX;KACF;CACF,CAAC,CAAA","sourcesContent":["/**\n * Config source: https://git.io/JfefW\n *\n * Feel free to let us know via PR, if you find something broken in this config\n * file.\n */\n\nimport Env from '@ioc:Adonis/Core/Env'\nimport { hashConfig } from '@adonisjs/core/build/config'\n\n/*\n|--------------------------------------------------------------------------\n| Hash Config\n|--------------------------------------------------------------------------\n|\n| The `HashConfig` relies on the `HashList` interface which is\n| defined inside `contracts` directory.\n|\n*/\nexport default hashConfig({\n  /*\n  |--------------------------------------------------------------------------\n  | Default hasher\n  |--------------------------------------------------------------------------\n  |\n  | By default we make use of the argon hasher to hash values. However, feel\n  | free to change the default value\n  |\n  */\n  default: Env.get('HASH_DRIVER', 'scrypt'),\n\n  list: {\n    /*\n    |--------------------------------------------------------------------------\n    | scrypt\n    |--------------------------------------------------------------------------\n    |\n    | Scrypt mapping uses the Node.js inbuilt crypto module for creating\n    | hashes.\n    |\n    | We are using the default configuration recommended within the Node.js\n    | documentation.\n    | https://nodejs.org/api/crypto.html#cryptoscryptpassword-salt-keylen-options-callback\n    |\n    */\n    scrypt: {\n      driver: 'scrypt',\n      cost: 16384,\n      blockSize: 8,\n      parallelization: 1,\n      saltSize: 16,\n      keyLength: 64,\n      maxMemory: 32 * 1024 * 1024,\n    },\n\n    /*\n    |--------------------------------------------------------------------------\n    | Argon\n    |--------------------------------------------------------------------------\n    |\n    | Argon mapping uses the `argon2` driver to hash values.\n    |\n    | Make sure you install the underlying dependency for this driver to work.\n    | https://www.npmjs.com/package/phc-argon2.\n    |\n    | npm install phc-argon2\n    |\n    */\n    argon: {\n      driver: 'argon2',\n      variant: 'id',\n      iterations: 3,\n      memory: 4096,\n      parallelism: 1,\n      saltSize: 16,\n    },\n\n    /*\n    |--------------------------------------------------------------------------\n    | Bcrypt\n    |--------------------------------------------------------------------------\n    |\n    | Bcrypt mapping uses the `bcrypt` driver to hash values.\n    |\n    | Make sure you install the underlying dependency for this driver to work.\n    | https://www.npmjs.com/package/phc-bcrypt.\n    |\n    | npm install phc-bcrypt\n    |\n    */\n    bcrypt: {\n      driver: 'bcrypt',\n      rounds: 10,\n    },\n  },\n})\n"]},"_coverageSchema":"1a1c01bbd47fc00a2c39e90264f33305004495a9","hash":"fbe34afa0147d0ba6d8788a6c474ed372fc1d9bf","contentHash":"12f4ddca703f6978970f959d654e3e1ec715747a031663b0caca8f6e2e7bdc4e"},"C:\\Users\\user\\OneDrive\\Escritorio\\universidad\\bootcamp\\api-rest-ts2\\config\\swagger.ts":{"path":"C:\\Users\\user\\OneDrive\\Escritorio\\universidad\\bootcamp\\api-rest-ts2\\config\\swagger.ts","statementMap":{"0":{"start":{"line":2,"column":0},"end":{"line":2,"column":62}},"1":{"start":{"line":3,"column":0},"end":{"line":27,"column":2}}},"fnMap":{},"branchMap":{"0":{"loc":{"start":{"line":25,"column":10},"end":{"line":25,"column":74}},"type":"cond-expr","locations":[{"start":{"line":25,"column":50},"end":{"line":25,"column":62}},{"start":{"line":25,"column":65},"end":{"line":25,"column":74}}],"line":25}},"s":{"0":1,"1":1},"f":{},"b":{"0":[0,1]},"inputSourceMap":{"version":3,"file":"swagger.js","sourceRoot":"","sources":["swagger.ts"],"names":[],"mappings":";;AAEA,kBAAe;IACd,SAAS,EAAE,IAAI;IACf,KAAK,EAAE,MAAM;IACb,WAAW,EAAE,IAAI;IACjB,OAAO,EAAE,eAAe;IAExB,UAAU,EAAE,EAAE;IAEd,OAAO,EAAE;QACR,UAAU,EAAE;YACX,OAAO,EAAE,OAAO;YAChB,IAAI,EAAE;gBACL,KAAK,EAAE,+BAA+B;gBACtC,OAAO,EAAE,OAAO;gBAChB,WAAW,EAAE,kCAAkC;aAC/C;SACD;QAED,IAAI,EAAE;YACL,aAAa;YACb,eAAe;YACf,iBAAiB;SACjB;QACD,QAAQ,EAAE,GAAG;KACb;IACD,IAAI,EAAE,OAAO,CAAC,GAAG,CAAC,QAAQ,KAAK,YAAY,CAAC,CAAC,CAAC,YAAY,CAAC,CAAC,CAAC,SAAS;IACrE,YAAY,EAAE,mBAAmB;CACjB,CAAA","sourcesContent":["import { SwaggerConfig } from '@ioc:Adonis/Addons/Swagger'\n\nexport default {\n\tuiEnabled: true, //disable or enable swaggerUi route\n\tuiUrl: 'docs', // url path to swaggerUI\n\tspecEnabled: true, //disable or enable swagger.json route\n\tspecUrl: '/swagger.json',\n\n\tmiddleware: [], // middlewares array, for protect your swagger docs and spec endpoints\n\n\toptions: {\n\t\tdefinition: {\n\t\t\topenapi: '3.0.0',\n\t\t\tinfo: {\n\t\t\t\ttitle: 'Application with swagger docs',\n\t\t\t\tversion: '1.0.0',\n\t\t\t\tdescription: 'My application with swagger docs'\n\t\t\t}\n\t\t},\n\n\t\tapis: [\n\t\t\t'app/**/*.ts',\n\t\t\t'docs/**/*.yml',\n\t\t\t'start/routes.ts'\n\t\t],\n\t\tbasePath: '/'\n\t},\n\tmode: process.env.NODE_ENV === 'production' ? 'PRODUCTION' : 'RUNTIME',\n  specFilePath: 'docs/swagger.json'\n} as SwaggerConfig\n"]},"_coverageSchema":"1a1c01bbd47fc00a2c39e90264f33305004495a9","hash":"2c4c6e05217c64c54f1cc388822c9d5ef753941e","contentHash":"f60c65496cf7f6d8e2af073364af3b5914411f43afae8c0d57df261bfb26dec8"},"C:\\Users\\user\\OneDrive\\Escritorio\\universidad\\bootcamp\\api-rest-ts2\\providers\\AppProvider.ts":{"path":"C:\\Users\\user\\OneDrive\\Escritorio\\universidad\\bootcamp\\api-rest-ts2\\providers\\AppProvider.ts","statementMap":{"0":{"start":{"line":2,"column":0},"end":{"line":2,"column":62}},"1":{"start":{"line":5,"column":8},"end":{"line":5,"column":23}},"2":{"start":{"line":16,"column":0},"end":{"line":16,"column":30}}},"fnMap":{"0":{"name":"(anonymous_0)","decl":{"start":{"line":4,"column":4},"end":{"line":4,"column":5}},"loc":{"start":{"line":4,"column":21},"end":{"line":6,"column":5}},"line":4},"1":{"name":"(anonymous_1)","decl":{"start":{"line":7,"column":4},"end":{"line":7,"column":5}},"loc":{"start":{"line":7,"column":15},"end":{"line":8,"column":5}},"line":7},"2":{"name":"(anonymous_2)","decl":{"start":{"line":9,"column":4},"end":{"line":9,"column":5}},"loc":{"start":{"line":9,"column":17},"end":{"line":10,"column":5}},"line":9},"3":{"name":"(anonymous_3)","decl":{"start":{"line":11,"column":4},"end":{"line":11,"column":5}},"loc":{"start":{"line":11,"column":18},"end":{"line":12,"column":5}},"line":11},"4":{"name":"(anonymous_4)","decl":{"start":{"line":13,"column":4},"end":{"line":13,"column":5}},"loc":{"start":{"line":13,"column":21},"end":{"line":14,"column":5}},"line":13}},"branchMap":{},"s":{"0":1,"1":1,"2":1},"f":{"0":1,"1":1,"2":1,"3":1,"4":1},"b":{},"inputSourceMap":{"version":3,"file":"AppProvider.js","sourceRoot":"","sources":["AppProvider.ts"],"names":[],"mappings":";;AAEA,MAAqB,WAAW;IAC9B,YAAuB,GAAwB;QAAxB,QAAG,GAAH,GAAG,CAAqB;IAC/C,CAAC;IAEM,QAAQ;IAEf,CAAC;IAEM,KAAK,CAAC,IAAI;IAEjB,CAAC;IAEM,KAAK,CAAC,KAAK;IAElB,CAAC;IAEM,KAAK,CAAC,QAAQ;IAErB,CAAC;CACF;AAnBD,8BAmBC","sourcesContent":["import type { ApplicationContract } from '@ioc:Adonis/Core/Application'\n\nexport default class AppProvider {\n  constructor (protected app: ApplicationContract) {\n  }\n\n  public register () {\n    // Register your own bindings\n  }\n\n  public async boot () {\n    // IoC container is ready\n  }\n\n  public async ready () {\n    // App is ready\n  }\n\n  public async shutdown () {\n    // Cleanup, since app is going down\n  }\n}\n"]},"_coverageSchema":"1a1c01bbd47fc00a2c39e90264f33305004495a9","hash":"8eeca6f96d4d86c7fe31804d265a13a604a0b6c3","contentHash":"80314586064db3ea68f38835b58f2b22257595575f74a08d34f34be95067062d"},"C:\\Users\\user\\OneDrive\\Escritorio\\universidad\\bootcamp\\api-rest-ts2\\start\\routes.ts":{"path":"C:\\Users\\user\\OneDrive\\Escritorio\\universidad\\bootcamp\\api-rest-ts2\\start\\routes.ts","statementMap":{"0":{"start":{"line":2,"column":22},"end":{"line":4,"column":1}},"1":{"start":{"line":3,"column":4},"end":{"line":3,"column":62}},"2":{"start":{"line":5,"column":0},"end":{"line":5,"column":62}},"3":{"start":{"line":6,"column":16},"end":{"line":6,"column":83}},"4":{"start":{"line":7,"column":0},"end":{"line":7,"column":73}},"5":{"start":{"line":8,"column":0},"end":{"line":13,"column":64}},"6":{"start":{"line":9,"column":4},"end":{"line":9,"column":65}},"7":{"start":{"line":10,"column":4},"end":{"line":10,"column":62}},"8":{"start":{"line":11,"column":4},"end":{"line":11,"column":67}},"9":{"start":{"line":12,"column":4},"end":{"line":12,"column":69}},"10":{"start":{"line":14,"column":0},"end":{"line":21,"column":69}},"11":{"start":{"line":15,"column":4},"end":{"line":15,"column":69}},"12":{"start":{"line":16,"column":4},"end":{"line":16,"column":71}},"13":{"start":{"line":17,"column":4},"end":{"line":17,"column":77}},"14":{"start":{"line":18,"column":4},"end":{"line":18,"column":81}},"15":{"start":{"line":19,"column":4},"end":{"line":19,"column":77}},"16":{"start":{"line":20,"column":4},"end":{"line":20,"column":81}},"17":{"start":{"line":22,"column":0},"end":{"line":25,"column":45}},"18":{"start":{"line":23,"column":4},"end":{"line":23,"column":65}},"19":{"start":{"line":24,"column":4},"end":{"line":24,"column":71}},"20":{"start":{"line":26,"column":0},"end":{"line":31,"column":66}},"21":{"start":{"line":27,"column":4},"end":{"line":27,"column":64}},"22":{"start":{"line":28,"column":4},"end":{"line":28,"column":61}},"23":{"start":{"line":29,"column":4},"end":{"line":29,"column":65}},"24":{"start":{"line":30,"column":4},"end":{"line":30,"column":68}},"25":{"start":{"line":32,"column":0},"end":{"line":37,"column":74}},"26":{"start":{"line":33,"column":4},"end":{"line":33,"column":73}},"27":{"start":{"line":34,"column":4},"end":{"line":34,"column":77}},"28":{"start":{"line":35,"column":4},"end":{"line":35,"column":74}},"29":{"start":{"line":36,"column":4},"end":{"line":36,"column":77}}},"fnMap":{"0":{"name":"(anonymous_0)","decl":{"start":{"line":2,"column":56},"end":{"line":2,"column":57}},"loc":{"start":{"line":2,"column":71},"end":{"line":4,"column":1}},"line":2},"1":{"name":"(anonymous_1)","decl":{"start":{"line":8,"column":22},"end":{"line":8,"column":23}},"loc":{"start":{"line":8,"column":28},"end":{"line":13,"column":1}},"line":8},"2":{"name":"(anonymous_2)","decl":{"start":{"line":14,"column":22},"end":{"line":14,"column":23}},"loc":{"start":{"line":14,"column":28},"end":{"line":21,"column":1}},"line":14},"3":{"name":"(anonymous_3)","decl":{"start":{"line":22,"column":22},"end":{"line":22,"column":23}},"loc":{"start":{"line":22,"column":28},"end":{"line":25,"column":1}},"line":22},"4":{"name":"(anonymous_4)","decl":{"start":{"line":26,"column":22},"end":{"line":26,"column":23}},"loc":{"start":{"line":26,"column":28},"end":{"line":31,"column":1}},"line":26},"5":{"name":"(anonymous_5)","decl":{"start":{"line":32,"column":22},"end":{"line":32,"column":23}},"loc":{"start":{"line":32,"column":28},"end":{"line":37,"column":1}},"line":32}},"branchMap":{"0":{"loc":{"start":{"line":2,"column":22},"end":{"line":4,"column":1}},"type":"binary-expr","locations":[{"start":{"line":2,"column":23},"end":{"line":2,"column":27}},{"start":{"line":2,"column":31},"end":{"line":2,"column":51}},{"start":{"line":2,"column":56},"end":{"line":4,"column":1}}],"line":2},"1":{"loc":{"start":{"line":3,"column":11},"end":{"line":3,"column":61}},"type":"cond-expr","locations":[{"start":{"line":3,"column":37},"end":{"line":3,"column":40}},{"start":{"line":3,"column":43},"end":{"line":3,"column":61}}],"line":3},"2":{"loc":{"start":{"line":3,"column":12},"end":{"line":3,"column":33}},"type":"binary-expr","locations":[{"start":{"line":3,"column":12},"end":{"line":3,"column":15}},{"start":{"line":3,"column":19},"end":{"line":3,"column":33}}],"line":3}},"s":{"0":1,"1":1,"2":1,"3":1,"4":1,"5":1,"6":1,"7":1,"8":1,"9":1,"10":1,"11":1,"12":1,"13":1,"14":1,"15":1,"16":1,"17":1,"18":1,"19":1,"20":1,"21":1,"22":1,"23":1,"24":1,"25":1,"26":1,"27":1,"28":1,"29":1},"f":{"0":1,"1":1,"2":1,"3":1,"4":1,"5":1},"b":{"0":[1,1,1],"1":[0,1],"2":[1,1]},"inputSourceMap":{"version":3,"file":"routes.js","sourceRoot":"","sources":["routes.ts"],"names":[],"mappings":";;;;;AAoBA,oFAA0C;AAE1C,eAAK,CAAC,IAAI,CAAC,QAAQ,EAAE,uBAAuB,CAAC,CAAC,MAAM,CAAC,QAAQ,CAAC,CAAA;AAE9D,eAAK,CAAC,KAAK,CAAC,GAAG,EAAE;IACf,eAAK,CAAC,IAAI,CAAC,SAAS,EAAE,2BAA2B,CAAC,CAAC;IACnD,eAAK,CAAC,GAAG,CAAC,UAAU,EAAC,wBAAwB,CAAC,CAAC;IAC/C,eAAK,CAAC,GAAG,CAAC,aAAa,EAAC,0BAA0B,CAAC,CAAC;IACpD,eAAK,CAAC,GAAG,CAAC,aAAa,EAAC,4BAA4B,CAAC,CAAC;AACxD,CAAC,CAAC,CAAC,MAAM,CAAC,aAAa,CAAC,CAAC,UAAU,CAAC,MAAM,CAAC,CAAC,UAAU,CAAC,OAAO,CAAC,CAAA;AAE/D,eAAK,CAAC,KAAK,CAAC,GAAE,EAAE;IACd,eAAK,CAAC,IAAI,CAAC,SAAS,EAAE,+BAA+B,CAAC,CAAC;IACvD,eAAK,CAAC,GAAG,CAAC,eAAe,EAAC,4BAA4B,CAAC,CAAC;IACxD,eAAK,CAAC,GAAG,CAAC,iBAAiB,EAAC,gCAAgC,CAAC,CAAC;IAC9D,eAAK,CAAC,MAAM,CAAC,sBAAsB,EAAC,4BAA4B,CAAC,CAAC;IAClE,eAAK,CAAC,GAAG,CAAC,qBAAqB,EAAC,4BAA4B,CAAC,CAAC;IAC9D,eAAK,CAAC,GAAG,CAAC,mBAAmB,EAAC,kCAAkC,CAAC,CAAC;AACpE,CAAC,CAAC,CAAC,MAAM,CAAC,kBAAkB,CAAC,CAAC,UAAU,CAAC,MAAM,CAAC,CAAC,UAAU,CAAC,OAAO,CAAC,CAAA;AAEpE,eAAK,CAAC,KAAK,CAAC,GAAG,EAAE;IACf,eAAK,CAAC,GAAG,CAAC,eAAe,EAAC,sBAAsB,CAAC,CAAC;IAClD,eAAK,CAAC,IAAI,CAAC,gBAAgB,EAAC,0BAA0B,CAAC,CAAC;AAC1D,CAAC,CAAC,CAAC,MAAM,CAAC,cAAc,CAAC,CAAC,UAAU,CAAC,MAAM,CAAC,CAAA;AAE5C,eAAK,CAAC,KAAK,CAAC,GAAE,EAAE;IACd,eAAK,CAAC,IAAI,CAAC,SAAS,EAAC,0BAA0B,CAAC,CAAC;IACjD,eAAK,CAAC,GAAG,CAAC,WAAW,EAAC,sBAAsB,CAAC,CAAC;IAC9C,eAAK,CAAC,GAAG,CAAC,aAAa,EAAC,wBAAwB,CAAC,CAAC;IAClD,eAAK,CAAC,MAAM,CAAC,aAAa,EAAC,wBAAwB,CAAC,CAAC;AACvD,CAAC,CAAC,CAAC,MAAM,CAAC,eAAe,CAAC,CAAC,UAAU,CAAC,MAAM,CAAC,CAAC,UAAU,CAAC,OAAO,CAAC,CAAA;AAEjE,eAAK,CAAC,KAAK,CAAC,GAAE,EAAE;IACd,eAAK,CAAC,IAAI,CAAC,SAAS,EAAC,mCAAmC,CAAC,CAAC;IAC1D,eAAK,CAAC,GAAG,CAAC,kBAAkB,EAAC,+BAA+B,CAAC,CAAC;IAC9D,eAAK,CAAC,GAAG,CAAC,aAAa,EAAC,iCAAiC,CAAC,CAAC;IAC3D,eAAK,CAAC,MAAM,CAAC,aAAa,EAAC,iCAAiC,CAAC,CAAC;AAChE,CAAC,CAAC,CAAC,MAAM,CAAC,uBAAuB,CAAC,CAAC,UAAU,CAAC,MAAM,CAAC,CAAC,UAAU,CAAC,OAAO,CAAC,CAAA","sourcesContent":["/*\n|--------------------------------------------------------------------------\n| Routes\n|--------------------------------------------------------------------------\n|\n| This file is dedicated for defining HTTP routes. A single file is enough\n| for majority of projects, however you can define routes in different\n| files and just make sure to import them inside this file. For example\n|\n| Define routes in following two files\n| ├── start/routes/cart.ts\n| ├── start/routes/customer.ts\n|\n| and then import them inside `start/routes.ts` as follows\n|\n| import './routes/cart'\n| import './routes/customer'\n|\n*/\n\nimport Route from '@ioc:Adonis/Core/Route'\n\nRoute.post(\"/login\", \"UsersController.login\").prefix(\"api/v1\")\n\nRoute.group(() =>{\n  Route.post(\"/create\", \"UsersController.registrar\");\n  Route.get(\"/getUser\",\"UsersController.listar\");\n  Route.get(\"getUser/:id\",\"UsersController.buscarid\");\n  Route.put(\"/update/:id\",\"UsersController.actualizar\");\n}).prefix(\"api/v1/user\").middleware(\"auth\").middleware(\"admin\")\n\nRoute.group(()=>{\n  Route.post(\"/create\", \"QuestionsController.registrar\");\n  Route.get(\"/getQuestions\",\"QuestionsController.listar\");\n  Route.get(\"/getOptions/:id\",\"QuestionsController.getOptions\");\n  Route.delete(\"/deleteQuestions/:id\",\"QuestionsController.delete\");\n  Route.put(\"/updateQuestion/:id\",\"QuestionsController.editar\");\n  Route.put(\"/updateAnswer/:id\",\"QuestionsController.editarOpcion\");\n}).prefix(\"api/v1/questions\").middleware(\"auth\").middleware(\"admin\")\n\nRoute.group(() => {\n  Route.get(\"/getquestions\",\"FormsController.list\");\n  Route.post(\"/postquestions\",\"FormsController.register\");\n}).prefix(\"/api/v1/form\").middleware(\"auth\")\n\nRoute.group(()=>{\n  Route.post(\"/create\",\"RolesController.register\");\n  Route.get(\"/getRoles\",\"RolesController.list\");  \n  Route.put(\"/update/:id\",\"RolesController.update\");\n  Route.delete(\"/delete/:id\",\"RolesController.delete\");\n}).prefix(\"/api/v1/roles\").middleware(\"auth\").middleware(\"admin\")\n\nRoute.group(()=>{\n  Route.post(\"/create\",\"TypesDocumentsController.register\");\n  Route.get(\"/getTypeDocument\",\"TypesDocumentsController.list\");  \n  Route.put(\"/update/:id\",\"TypesDocumentsController.update\");\n  Route.delete(\"/delete/:id\",\"TypesDocumentsController.delete\");\n}).prefix(\"/api/v1/typesdocument\").middleware(\"auth\").middleware(\"admin\")\n"]},"_coverageSchema":"1a1c01bbd47fc00a2c39e90264f33305004495a9","hash":"793c72f3dc3435a6c741cbd6b213aaea1ab98a5f","contentHash":"788b14f2c0edf2ddf7c2514efeb1202397b612bc1af5cb59c6a6d0da1589a4a4"},"C:\\Users\\user\\OneDrive\\Escritorio\\universidad\\bootcamp\\api-rest-ts2\\start\\kernel.ts":{"path":"C:\\Users\\user\\OneDrive\\Escritorio\\universidad\\bootcamp\\api-rest-ts2\\start\\kernel.ts","statementMap":{"0":{"start":{"line":2,"column":22},"end":{"line":12,"column":3}},"1":{"start":{"line":3,"column":4},"end":{"line":3,"column":33}},"2":{"start":{"line":3,"column":26},"end":{"line":3,"column":33}},"3":{"start":{"line":4,"column":15},"end":{"line":4,"column":52}},"4":{"start":{"line":5,"column":4},"end":{"line":7,"column":5}},"5":{"start":{"line":6,"column":6},"end":{"line":6,"column":68}},"6":{"start":{"line":6,"column":51},"end":{"line":6,"column":63}},"7":{"start":{"line":8,"column":4},"end":{"line":8,"column":39}},"8":{"start":{"line":10,"column":4},"end":{"line":10,"column":33}},"9":{"start":{"line":10,"column":26},"end":{"line":10,"column":33}},"10":{"start":{"line":11,"column":4},"end":{"line":11,"column":17}},"11":{"start":{"line":13,"column":25},"end":{"line":17,"column":2}},"12":{"start":{"line":14,"column":4},"end":{"line":14,"column":72}},"13":{"start":{"line":16,"column":4},"end":{"line":16,"column":21}},"14":{"start":{"line":18,"column":19},"end":{"line":24,"column":1}},"15":{"start":{"line":19,"column":4},"end":{"line":19,"column":42}},"16":{"start":{"line":19,"column":31},"end":{"line":19,"column":42}},"17":{"start":{"line":20,"column":17},"end":{"line":20,"column":19}},"18":{"start":{"line":21,"column":4},"end":{"line":21,"column":141}},"19":{"start":{"line":21,"column":21},"end":{"line":21,"column":141}},"20":{"start":{"line":21,"column":40},"end":{"line":21,"column":141}},"21":{"start":{"line":21,"column":109},"end":{"line":21,"column":141}},"22":{"start":{"line":22,"column":4},"end":{"line":22,"column":36}},"23":{"start":{"line":23,"column":4},"end":{"line":23,"column":18}},"24":{"start":{"line":25,"column":22},"end":{"line":27,"column":1}},"25":{"start":{"line":26,"column":4},"end":{"line":26,"column":62}},"26":{"start":{"line":28,"column":0},"end":{"line":28,"column":62}},"27":{"start":{"line":29,"column":17},"end":{"line":29,"column":85}},"28":{"start":{"line":30,"column":0},"end":{"line":32,"column":3}},"29":{"start":{"line":31,"column":10},"end":{"line":31,"column":109}},"30":{"start":{"line":31,"column":39},"end":{"line":31,"column":108}},"31":{"start":{"line":33,"column":0},"end":{"line":36,"column":3}},"32":{"start":{"line":34,"column":17},"end":{"line":34,"column":121}},"33":{"start":{"line":34,"column":46},"end":{"line":34,"column":120}},"34":{"start":{"line":35,"column":16},"end":{"line":35,"column":112}},"35":{"start":{"line":35,"column":45},"end":{"line":35,"column":111}}},"fnMap":{"0":{"name":"(anonymous_0)","decl":{"start":{"line":2,"column":74},"end":{"line":2,"column":75}},"loc":{"start":{"line":2,"column":96},"end":{"line":9,"column":1}},"line":2},"1":{"name":"(anonymous_1)","decl":{"start":{"line":6,"column":38},"end":{"line":6,"column":39}},"loc":{"start":{"line":6,"column":49},"end":{"line":6,"column":65}},"line":6},"2":{"name":"(anonymous_2)","decl":{"start":{"line":9,"column":6},"end":{"line":9,"column":7}},"loc":{"start":{"line":9,"column":28},"end":{"line":12,"column":1}},"line":9},"3":{"name":"(anonymous_3)","decl":{"start":{"line":13,"column":80},"end":{"line":13,"column":81}},"loc":{"start":{"line":13,"column":95},"end":{"line":15,"column":1}},"line":13},"4":{"name":"(anonymous_4)","decl":{"start":{"line":15,"column":5},"end":{"line":15,"column":6}},"loc":{"start":{"line":15,"column":20},"end":{"line":17,"column":1}},"line":15},"5":{"name":"(anonymous_5)","decl":{"start":{"line":18,"column":50},"end":{"line":18,"column":51}},"loc":{"start":{"line":18,"column":65},"end":{"line":24,"column":1}},"line":18},"6":{"name":"(anonymous_6)","decl":{"start":{"line":25,"column":56},"end":{"line":25,"column":57}},"loc":{"start":{"line":25,"column":71},"end":{"line":27,"column":1}},"line":25},"7":{"name":"(anonymous_7)","decl":{"start":{"line":31,"column":4},"end":{"line":31,"column":5}},"loc":{"start":{"line":31,"column":10},"end":{"line":31,"column":109}},"line":31},"8":{"name":"(anonymous_8)","decl":{"start":{"line":31,"column":33},"end":{"line":31,"column":34}},"loc":{"start":{"line":31,"column":39},"end":{"line":31,"column":108}},"line":31},"9":{"name":"(anonymous_9)","decl":{"start":{"line":34,"column":11},"end":{"line":34,"column":12}},"loc":{"start":{"line":34,"column":17},"end":{"line":34,"column":121}},"line":34},"10":{"name":"(anonymous_10)","decl":{"start":{"line":34,"column":40},"end":{"line":34,"column":41}},"loc":{"start":{"line":34,"column":46},"end":{"line":34,"column":120}},"line":34},"11":{"name":"(anonymous_11)","decl":{"start":{"line":35,"column":10},"end":{"line":35,"column":11}},"loc":{"start":{"line":35,"column":16},"end":{"line":35,"column":112}},"line":35},"12":{"name":"(anonymous_12)","decl":{"start":{"line":35,"column":39},"end":{"line":35,"column":40}},"loc":{"start":{"line":35,"column":45},"end":{"line":35,"column":111}},"line":35}},"branchMap":{"0":{"loc":{"start":{"line":2,"column":22},"end":{"line":12,"column":3}},"type":"binary-expr","locations":[{"start":{"line":2,"column":23},"end":{"line":2,"column":27}},{"start":{"line":2,"column":31},"end":{"line":2,"column":51}},{"start":{"line":2,"column":57},"end":{"line":12,"column":2}}],"line":2},"1":{"loc":{"start":{"line":2,"column":57},"end":{"line":12,"column":2}},"type":"cond-expr","locations":[{"start":{"line":2,"column":74},"end":{"line":9,"column":1}},{"start":{"line":9,"column":6},"end":{"line":12,"column":1}}],"line":2},"2":{"loc":{"start":{"line":3,"column":4},"end":{"line":3,"column":33}},"type":"if","locations":[{"start":{"line":3,"column":4},"end":{"line":3,"column":33}},{"start":{"line":3,"column":4},"end":{"line":3,"column":33}}],"line":3},"3":{"loc":{"start":{"line":5,"column":4},"end":{"line":7,"column":5}},"type":"if","locations":[{"start":{"line":5,"column":4},"end":{"line":7,"column":5}},{"start":{"line":5,"column":4},"end":{"line":7,"column":5}}],"line":5},"4":{"loc":{"start":{"line":5,"column":8},"end":{"line":5,"column":85}},"type":"binary-expr","locations":[{"start":{"line":5,"column":8},"end":{"line":5,"column":13}},{"start":{"line":5,"column":18},"end":{"line":5,"column":84}}],"line":5},"5":{"loc":{"start":{"line":5,"column":18},"end":{"line":5,"column":84}},"type":"cond-expr","locations":[{"start":{"line":5,"column":34},"end":{"line":5,"column":47}},{"start":{"line":5,"column":50},"end":{"line":5,"column":84}}],"line":5},"6":{"loc":{"start":{"line":5,"column":50},"end":{"line":5,"column":84}},"type":"binary-expr","locations":[{"start":{"line":5,"column":50},"end":{"line":5,"column":63}},{"start":{"line":5,"column":67},"end":{"line":5,"column":84}}],"line":5},"7":{"loc":{"start":{"line":10,"column":4},"end":{"line":10,"column":33}},"type":"if","locations":[{"start":{"line":10,"column":4},"end":{"line":10,"column":33}},{"start":{"line":10,"column":4},"end":{"line":10,"column":33}}],"line":10},"8":{"loc":{"start":{"line":13,"column":25},"end":{"line":17,"column":2}},"type":"binary-expr","locations":[{"start":{"line":13,"column":26},"end":{"line":13,"column":30}},{"start":{"line":13,"column":34},"end":{"line":13,"column":57}},{"start":{"line":13,"column":63},"end":{"line":17,"column":1}}],"line":13},"9":{"loc":{"start":{"line":13,"column":63},"end":{"line":17,"column":1}},"type":"cond-expr","locations":[{"start":{"line":13,"column":80},"end":{"line":15,"column":1}},{"start":{"line":15,"column":5},"end":{"line":17,"column":1}}],"line":13},"10":{"loc":{"start":{"line":18,"column":19},"end":{"line":24,"column":1}},"type":"binary-expr","locations":[{"start":{"line":18,"column":20},"end":{"line":18,"column":24}},{"start":{"line":18,"column":28},"end":{"line":18,"column":45}},{"start":{"line":18,"column":50},"end":{"line":24,"column":1}}],"line":18},"11":{"loc":{"start":{"line":19,"column":4},"end":{"line":19,"column":42}},"type":"if","locations":[{"start":{"line":19,"column":4},"end":{"line":19,"column":42}},{"start":{"line":19,"column":4},"end":{"line":19,"column":42}}],"line":19},"12":{"loc":{"start":{"line":19,"column":8},"end":{"line":19,"column":29}},"type":"binary-expr","locations":[{"start":{"line":19,"column":8},"end":{"line":19,"column":11}},{"start":{"line":19,"column":15},"end":{"line":19,"column":29}}],"line":19},"13":{"loc":{"start":{"line":21,"column":4},"end":{"line":21,"column":141}},"type":"if","locations":[{"start":{"line":21,"column":4},"end":{"line":21,"column":141}},{"start":{"line":21,"column":4},"end":{"line":21,"column":141}}],"line":21},"14":{"loc":{"start":{"line":21,"column":40},"end":{"line":21,"column":141}},"type":"if","locations":[{"start":{"line":21,"column":40},"end":{"line":21,"column":141}},{"start":{"line":21,"column":40},"end":{"line":21,"column":141}}],"line":21},"15":{"loc":{"start":{"line":21,"column":44},"end":{"line":21,"column":107}},"type":"binary-expr","locations":[{"start":{"line":21,"column":44},"end":{"line":21,"column":59}},{"start":{"line":21,"column":63},"end":{"line":21,"column":107}}],"line":21},"16":{"loc":{"start":{"line":25,"column":22},"end":{"line":27,"column":1}},"type":"binary-expr","locations":[{"start":{"line":25,"column":23},"end":{"line":25,"column":27}},{"start":{"line":25,"column":31},"end":{"line":25,"column":51}},{"start":{"line":25,"column":56},"end":{"line":27,"column":1}}],"line":25},"17":{"loc":{"start":{"line":26,"column":11},"end":{"line":26,"column":61}},"type":"cond-expr","locations":[{"start":{"line":26,"column":37},"end":{"line":26,"column":40}},{"start":{"line":26,"column":43},"end":{"line":26,"column":61}}],"line":26},"18":{"loc":{"start":{"line":26,"column":12},"end":{"line":26,"column":33}},"type":"binary-expr","locations":[{"start":{"line":26,"column":12},"end":{"line":26,"column":15}},{"start":{"line":26,"column":19},"end":{"line":26,"column":33}}],"line":26}},"s":{"0":1,"1":0,"2":0,"3":0,"4":0,"5":0,"6":0,"7":0,"8":0,"9":0,"10":0,"11":1,"12":70,"13":0,"14":1,"15":136,"16":66,"17":70,"18":70,"19":70,"20":0,"21":0,"22":70,"23":70,"24":1,"25":1,"26":1,"27":1,"28":1,"29":70,"30":70,"31":1,"32":31,"33":31,"34":35,"35":35},"f":{"0":0,"1":0,"2":0,"3":70,"4":0,"5":136,"6":1,"7":70,"8":70,"9":31,"10":31,"11":35,"12":35},"b":{"0":[1,1,1],"1":[1,0],"2":[0,0],"3":[0,0],"4":[0,0],"5":[0,0],"6":[0,0],"7":[0,0],"8":[1,1,1],"9":[1,0],"10":[1,1,1],"11":[66,70],"12":[136,136],"13":[70,0],"14":[0,0],"15":[0,0],"16":[1,1,1],"17":[0,1],"18":[1,1]},"inputSourceMap":{"version":3,"file":"kernel.js","sourceRoot":"","sources":["kernel.ts"],"names":[],"mappings":";;;;;;;;;;;;;;;;;;;;;;;;;;;;AAWA,sFAA4C;AAW5C,gBAAM,CAAC,UAAU,CAAC,QAAQ,CAAC;IACzB,GAAG,EAAE,oGAAsC;CAC5C,CAAC,CAAA;AAkBF,gBAAM,CAAC,UAAU,CAAC,aAAa,CAAC;IAC9B,KAAK,EAAC,GAAG,EAAE,yEAAQ,6BAA6B,GAAC;IACjD,IAAI,EAAE,GAAG,EAAE,yEAAQ,qBAAqB,GAAC;CAC1C,CAAC,CAAA","sourcesContent":["/*\n|--------------------------------------------------------------------------\n| Application middleware\n|--------------------------------------------------------------------------\n|\n| This file is used to define middleware for HTTP requests. You can register\n| middleware as a `closure` or an IoC container binding. The bindings are\n| preferred, since they keep this file clean.\n|\n*/\n\nimport Server from '@ioc:Adonis/Core/Server'\n\n/*\n|--------------------------------------------------------------------------\n| Global middleware\n|--------------------------------------------------------------------------\n|\n| An array of global middleware, that will be executed in the order they\n| are defined for every HTTP requests.\n|\n*/\nServer.middleware.register([\n  () => import('@ioc:Adonis/Core/BodyParser'),\n])\n\n/*\n|--------------------------------------------------------------------------\n| Named middleware\n|--------------------------------------------------------------------------\n|\n| Named middleware are defined as key-value pair. The value is the namespace\n| or middleware function and key is the alias. Later you can use these\n| alias on individual routes. For example:\n|\n| { auth: () => import('App/Middleware/Auth') }\n|\n| and then use it as follows\n|\n| Route.get('dashboard', 'UserController.dashboard').middleware('auth')\n|\n*/\nServer.middleware.registerNamed({\n  admin:() => import('App/Middleware/validarAdmin'),\n  auth: () => import('App/Middleware/Auth')\n})\n"]},"_coverageSchema":"1a1c01bbd47fc00a2c39e90264f33305004495a9","hash":"64f24a7bebdde69877c6a78c8cfc9d3318d772e5","contentHash":"56e9ce9e5a24e993248e3747905bad56c731254edd505faea8e2cd0c787a2aa6"},"C:\\Users\\user\\OneDrive\\Escritorio\\universidad\\bootcamp\\api-rest-ts2\\app\\Controllers\\Http\\UsersController.ts":{"path":"C:\\Users\\user\\OneDrive\\Escritorio\\universidad\\bootcamp\\api-rest-ts2\\app\\Controllers\\Http\\UsersController.ts","statementMap":{"0":{"start":{"line":2,"column":22},"end":{"line":4,"column":1}},"1":{"start":{"line":3,"column":4},"end":{"line":3,"column":62}},"2":{"start":{"line":5,"column":0},"end":{"line":5,"column":62}},"3":{"start":{"line":6,"column":15},"end":{"line":6,"column":80}},"4":{"start":{"line":7,"column":23},"end":{"line":7,"column":63}},"5":{"start":{"line":8,"column":14},"end":{"line":8,"column":79}},"6":{"start":{"line":9,"column":17},"end":{"line":9,"column":36}},"7":{"start":{"line":12,"column":125},"end":{"line":12,"column":138}},"8":{"start":{"line":13,"column":8},"end":{"line":45,"column":9}},"9":{"start":{"line":14,"column":25},"end":{"line":14,"column":47}},"10":{"start":{"line":15,"column":25},"end":{"line":15,"column":45}},"11":{"start":{"line":16,"column":34},"end":{"line":16,"column":84}},"12":{"start":{"line":17,"column":12},"end":{"line":22,"column":13}},"13":{"start":{"line":18,"column":16},"end":{"line":21,"column":19}},"14":{"start":{"line":23,"column":12},"end":{"line":23,"column":40}},"15":{"start":{"line":24,"column":12},"end":{"line":24,"column":42}},"16":{"start":{"line":25,"column":12},"end":{"line":25,"column":35}},"17":{"start":{"line":26,"column":12},"end":{"line":26,"column":31}},"18":{"start":{"line":27,"column":12},"end":{"line":27,"column":48}},"19":{"start":{"line":28,"column":12},"end":{"line":28,"column":62}},"20":{"start":{"line":29,"column":12},"end":{"line":29,"column":48}},"21":{"start":{"line":30,"column":12},"end":{"line":30,"column":46}},"22":{"start":{"line":31,"column":12},"end":{"line":31,"column":31}},"23":{"start":{"line":32,"column":12},"end":{"line":32,"column":50}},"24":{"start":{"line":33,"column":12},"end":{"line":38,"column":13}},"25":{"start":{"line":34,"column":16},"end":{"line":34,"column":32}},"26":{"start":{"line":37,"column":16},"end":{"line":37,"column":34}},"27":{"start":{"line":39,"column":12},"end":{"line":39,"column":30}},"28":{"start":{"line":40,"column":12},"end":{"line":40,"column":83}},"29":{"start":{"line":43,"column":12},"end":{"line":43,"column":31}},"30":{"start":{"line":44,"column":12},"end":{"line":44,"column":115}},"31":{"start":{"line":48,"column":22},"end":{"line":48,"column":105}},"32":{"start":{"line":49,"column":8},"end":{"line":49,"column":30}},"33":{"start":{"line":50,"column":8},"end":{"line":50,"column":51}},"34":{"start":{"line":53,"column":22},"end":{"line":53,"column":44}},"35":{"start":{"line":54,"column":25},"end":{"line":54,"column":50}},"36":{"start":{"line":55,"column":8},"end":{"line":86,"column":9}},"37":{"start":{"line":56,"column":25},"end":{"line":56,"column":74}},"38":{"start":{"line":57,"column":12},"end":{"line":62,"column":13}},"39":{"start":{"line":58,"column":16},"end":{"line":61,"column":18}},"40":{"start":{"line":63,"column":34},"end":{"line":63,"column":79}},"41":{"start":{"line":64,"column":12},"end":{"line":69,"column":13}},"42":{"start":{"line":65,"column":16},"end":{"line":68,"column":18}},"43":{"start":{"line":70,"column":28},"end":{"line":74,"column":13}},"44":{"start":{"line":75,"column":26},"end":{"line":75,"column":52}},"45":{"start":{"line":76,"column":12},"end":{"line":80,"column":14}},"46":{"start":{"line":83,"column":12},"end":{"line":83,"column":31}},"47":{"start":{"line":84,"column":12},"end":{"line":85,"column":60}},"48":{"start":{"line":89,"column":25},"end":{"line":91,"column":9}},"49":{"start":{"line":92,"column":8},"end":{"line":92,"column":99}},"50":{"start":{"line":95,"column":20},"end":{"line":95,"column":53}},"51":{"start":{"line":96,"column":8},"end":{"line":100,"column":11}},"52":{"start":{"line":97,"column":12},"end":{"line":99,"column":13}},"53":{"start":{"line":98,"column":16},"end":{"line":98,"column":50}},"54":{"start":{"line":101,"column":8},"end":{"line":101,"column":20}},"55":{"start":{"line":104,"column":20},"end":{"line":104,"column":53}},"56":{"start":{"line":105,"column":24},"end":{"line":105,"column":125}},"57":{"start":{"line":106,"column":8},"end":{"line":106,"column":29}},"58":{"start":{"line":107,"column":8},"end":{"line":107,"column":23}},"59":{"start":{"line":110,"column":42},"end":{"line":110,"column":55}},"60":{"start":{"line":111,"column":8},"end":{"line":123,"column":9}},"61":{"start":{"line":112,"column":31},"end":{"line":116,"column":14}},"62":{"start":{"line":113,"column":16},"end":{"line":115,"column":17}},"63":{"start":{"line":114,"column":20},"end":{"line":114,"column":226}},"64":{"start":{"line":117,"column":26},"end":{"line":117,"column":66}},"65":{"start":{"line":118,"column":12},"end":{"line":118,"column":104}},"66":{"start":{"line":121,"column":12},"end":{"line":121,"column":31}},"67":{"start":{"line":122,"column":12},"end":{"line":122,"column":101}},"68":{"start":{"line":126,"column":110},"end":{"line":126,"column":123}},"69":{"start":{"line":127,"column":8},"end":{"line":149,"column":9}},"70":{"start":{"line":128,"column":25},"end":{"line":128,"column":67}},"71":{"start":{"line":129,"column":12},"end":{"line":129,"column":40}},"72":{"start":{"line":130,"column":12},"end":{"line":130,"column":42}},"73":{"start":{"line":131,"column":12},"end":{"line":131,"column":35}},"74":{"start":{"line":132,"column":12},"end":{"line":132,"column":31}},"75":{"start":{"line":133,"column":12},"end":{"line":133,"column":48}},"76":{"start":{"line":134,"column":12},"end":{"line":134,"column":46}},"77":{"start":{"line":135,"column":12},"end":{"line":135,"column":31}},"78":{"start":{"line":136,"column":12},"end":{"line":136,"column":50}},"79":{"start":{"line":137,"column":12},"end":{"line":137,"column":30}},"80":{"start":{"line":138,"column":12},"end":{"line":141,"column":15}},"81":{"start":{"line":144,"column":12},"end":{"line":144,"column":31}},"82":{"start":{"line":145,"column":12},"end":{"line":148,"column":15}},"83":{"start":{"line":152,"column":8},"end":{"line":172,"column":9}},"84":{"start":{"line":153,"column":27},"end":{"line":153,"column":46}},"85":{"start":{"line":154,"column":26},"end":{"line":154,"column":78}},"86":{"start":{"line":155,"column":12},"end":{"line":164,"column":14}},"87":{"start":{"line":167,"column":12},"end":{"line":167,"column":29}},"88":{"start":{"line":168,"column":12},"end":{"line":171,"column":15}},"89":{"start":{"line":175,"column":0},"end":{"line":175,"column":34}}},"fnMap":{"0":{"name":"(anonymous_0)","decl":{"start":{"line":2,"column":56},"end":{"line":2,"column":57}},"loc":{"start":{"line":2,"column":71},"end":{"line":4,"column":1}},"line":2},"1":{"name":"(anonymous_1)","decl":{"start":{"line":11,"column":4},"end":{"line":11,"column":5}},"loc":{"start":{"line":11,"column":43},"end":{"line":46,"column":5}},"line":11},"2":{"name":"(anonymous_2)","decl":{"start":{"line":47,"column":4},"end":{"line":47,"column":5}},"loc":{"start":{"line":47,"column":43},"end":{"line":51,"column":5}},"line":47},"3":{"name":"(anonymous_3)","decl":{"start":{"line":52,"column":4},"end":{"line":52,"column":5}},"loc":{"start":{"line":52,"column":29},"end":{"line":87,"column":5}},"line":52},"4":{"name":"(anonymous_4)","decl":{"start":{"line":88,"column":4},"end":{"line":88,"column":5}},"loc":{"start":{"line":88,"column":26},"end":{"line":93,"column":5}},"line":88},"5":{"name":"(anonymous_5)","decl":{"start":{"line":94,"column":4},"end":{"line":94,"column":5}},"loc":{"start":{"line":94,"column":40},"end":{"line":102,"column":5}},"line":94},"6":{"name":"(anonymous_6)","decl":{"start":{"line":96,"column":82},"end":{"line":96,"column":83}},"loc":{"start":{"line":96,"column":93},"end":{"line":100,"column":9}},"line":96},"7":{"name":"(anonymous_7)","decl":{"start":{"line":103,"column":4},"end":{"line":103,"column":5}},"loc":{"start":{"line":103,"column":40},"end":{"line":108,"column":5}},"line":103},"8":{"name":"(anonymous_8)","decl":{"start":{"line":109,"column":4},"end":{"line":109,"column":5}},"loc":{"start":{"line":109,"column":30},"end":{"line":124,"column":5}},"line":109},"9":{"name":"(anonymous_9)","decl":{"start":{"line":112,"column":179},"end":{"line":112,"column":180}},"loc":{"start":{"line":112,"column":190},"end":{"line":116,"column":13}},"line":112},"10":{"name":"(anonymous_10)","decl":{"start":{"line":125,"column":4},"end":{"line":125,"column":5}},"loc":{"start":{"line":125,"column":52},"end":{"line":150,"column":5}},"line":125},"11":{"name":"(anonymous_11)","decl":{"start":{"line":151,"column":4},"end":{"line":151,"column":5}},"loc":{"start":{"line":151,"column":42},"end":{"line":173,"column":5}},"line":151}},"branchMap":{"0":{"loc":{"start":{"line":2,"column":22},"end":{"line":4,"column":1}},"type":"binary-expr","locations":[{"start":{"line":2,"column":23},"end":{"line":2,"column":27}},{"start":{"line":2,"column":31},"end":{"line":2,"c
[...]
e":8,"column":22}},{"start":{"line":8,"column":26},"end":{"line":8,"column":41}},{"start":{"line":8,"column":46},"end":{"line":10,"column":1}}],"line":8},"11":{"loc":{"start":{"line":9,"column":4},"end":{"line":9,"column":109}},"type":"if","locations":[{"start":{"line":9,"column":4},"end":{"line":9,"column":109}},{"start":{"line":9,"column":4},"end":{"line":9,"column":109}}],"line":9},"12":{"loc":{"start":{"line":9,"column":8},"end":{"line":9,"column":77}},"type":"binary-expr","locations":[{"start":{"line":9,"column":8},"end":{"line":9,"column":35}},{"start":{"line":9,"column":39},"end":{"line":9,"column":77}}],"line":9},"13":{"loc":{"start":{"line":35,"column":30},"end":{"line":35,"column":132}},"type":"cond-expr","locations":[{"start":{"line":35,"column":121},"end":{"line":35,"column":123}},{"start":{"line":35,"column":126},"end":{"line":35,"column":132}}],"line":35},"14":{"loc":{"start":{"line":35,"column":43},"end":{"line":35,"column":102}},"type":"binary-expr","locations":[{"start":{"line":35,"column":43},"end":{"line":35,"column":82}},{"start":{"line":35,"column":86},"end":{"line":35,"column":102}}],"line":35},"15":{"loc":{"start":{"line":39,"column":30},"end":{"line":39,"column":132}},"type":"cond-expr","locations":[{"start":{"line":39,"column":121},"end":{"line":39,"column":123}},{"start":{"line":39,"column":126},"end":{"line":39,"column":132}}],"line":39},"16":{"loc":{"start":{"line":39,"column":43},"end":{"line":39,"column":102}},"type":"binary-expr","locations":[{"start":{"line":39,"column":43},"end":{"line":39,"column":82}},{"start":{"line":39,"column":86},"end":{"line":39,"column":102}}],"line":39}},"s":{"0":1,"1":6,"2":6,"3":6,"4":6,"5":0,"6":0,"7":0,"8":0,"9":6,"10":1,"11":6,"12":6,"13":1,"14":1,"15":1,"16":1,"17":1,"18":1,"19":1,"20":1,"21":1,"22":1},"f":{"0":6,"1":6},"b":{"0":[1,1,1],"1":[0,6],"2":[0,6],"3":[6,0],"4":[6,6],"5":[0,0],"6":[0,0],"7":[0,0],"8":[0,0],"9":[6,6,0],"10":[1,1,1],"11":[6,0],"12":[6,6],"13":[1,0],"14":[1,1],"15":[1,0],"16":[1,1]},"inputSourceMap":{"version":3,"file":"Form.js","sourceRoot":"","sources":["Form.ts"],"names":[],"mappings":";;;;;;;;;;;;AAAA,iCAAgC;AAChC,gEAAyD;AAEzD,MAAqB,IAAK,SAAQ,eAAS;CAkB1C;AAhBC;IADC,IAAA,YAAM,EAAC,EAAE,SAAS,EAAE,IAAI,EAAE,CAAC;;gCACX;AAGjB;IADC,IAAA,YAAM,GAAE;;wCACgB;AAGzB;IADC,IAAA,YAAM,GAAE;;uCACe;AAGxB;IADC,IAAA,YAAM,GAAE;;mCACY;AAGrB;IADC,YAAM,CAAC,QAAQ,CAAC,EAAE,UAAU,EAAE,IAAI,EAAE,CAAC;kDACpB,gBAAQ,oBAAR,gBAAQ;uCAAA;AAG1B;IADC,YAAM,CAAC,QAAQ,CAAC,EAAE,UAAU,EAAE,IAAI,EAAE,UAAU,EAAE,IAAI,EAAE,CAAC;kDACtC,gBAAQ,oBAAR,gBAAQ;uCAAA;AAjB5B,uBAkBC","sourcesContent":["import { DateTime } from 'luxon'\nimport { BaseModel, column } from '@ioc:Adonis/Lucid/Orm'\n\nexport default class Form extends BaseModel {\n  @column({ isPrimary: true })\n  public id: number\n\n  @column()\n  public id_student: number\n\n  @column()\n  public id_answer: number\n\n  @column()\n  public state: boolean\n\n  @column.dateTime({ autoCreate: true })\n  public createdAt: DateTime\n\n  @column.dateTime({ autoCreate: true, autoUpdate: true })\n  public updatedAt: DateTime\n}\n"]},"_coverageSchema":"1a1c01bbd47fc00a2c39e90264f33305004495a9","hash":"dd1a64e593c398bc72354ae5e1b1548f66c8a4e4","contentHash":"4470014fb79e83e84eb2d1ea8a6777e176f3263584a7724b34e5eec3caae03d8"},"C:\\Users\\user\\OneDrive\\Escritorio\\universidad\\bootcamp\\api-rest-ts2\\app\\Controllers\\Http\\RolesController.ts":{"path":"C:\\Users\\user\\OneDrive\\Escritorio\\universidad\\bootcamp\\api-rest-ts2\\app\\Controllers\\Http\\RolesController.ts","statementMap":{"0":{"start":{"line":2,"column":22},"end":{"line":4,"column":1}},"1":{"start":{"line":3,"column":4},"end":{"line":3,"column":62}},"2":{"start":{"line":5,"column":0},"end":{"line":5,"column":62}},"3":{"start":{"line":6,"column":15},"end":{"line":6,"column":80}},"4":{"start":{"line":9,"column":25},"end":{"line":9,"column":38}},"5":{"start":{"line":10,"column":21},"end":{"line":10,"column":41}},"6":{"start":{"line":11,"column":8},"end":{"line":11,"column":30}},"7":{"start":{"line":12,"column":8},"end":{"line":12,"column":25}},"8":{"start":{"line":13,"column":8},"end":{"line":13,"column":26}},"9":{"start":{"line":14,"column":8},"end":{"line":14,"column":64}},"10":{"start":{"line":17,"column":8},"end":{"line":26,"column":9}},"11":{"start":{"line":18,"column":26},"end":{"line":18,"column":52}},"12":{"start":{"line":19,"column":12},"end":{"line":20,"column":32}},"13":{"start":{"line":23,"column":12},"end":{"line":23,"column":29}},"14":{"start":{"line":24,"column":12},"end":{"line":25,"column":54}},"15":{"start":{"line":29,"column":8},"end":{"line":41,"column":9}},"16":{"start":{"line":30,"column":29},"end":{"line":30,"column":42}},"17":{"start":{"line":31,"column":27},"end":{"line":31,"column":33}},"18":{"start":{"line":32,"column":25},"end":{"line":32,"column":60}},"19":{"start":{"line":33,"column":12},"end":{"line":33,"column":29}},"20":{"start":{"line":34,"column":12},"end":{"line":34,"column":30}},"21":{"start":{"line":35,"column":12},"end":{"line":35,"column":67}},"22":{"start":{"line":38,"column":12},"end":{"line":38,"column":29}},"23":{"start":{"line":39,"column":12},"end":{"line":40,"column":55}},"24":{"start":{"line":44,"column":8},"end":{"line":55,"column":9}},"25":{"start":{"line":45,"column":27},"end":{"line":45,"column":33}},"26":{"start":{"line":46,"column":25},"end":{"line":46,"column":60}},"27":{"start":{"line":47,"column":12},"end":{"line":47,"column":34}},"28":{"start":{"line":48,"column":12},"end":{"line":49,"column":45}},"29":{"start":{"line":52,"column":12},"end":{"line":52,"column":29}},"30":{"start":{"line":53,"column":12},"end":{"line":54,"column":53}},"31":{"start":{"line":58,"column":0},"end":{"line":58,"column":34}}},"fnMap":{"0":{"name":"(anonymous_0)","decl":{"start":{"line":2,"column":56},"end":{"line":2,"column":57}},"loc":{"start":{"line":2,"column":71},"end":{"line":4,"column":1}},"line":2},"1":{"name":"(anonymous_1)","decl":{"start":{"line":8,"column":4},"end":{"line":8,"column":5}},"loc":{"start":{"line":8,"column":32},"end":{"line":15,"column":5}},"line":8},"2":{"name":"(anonymous_2)","decl":{"start":{"line":16,"column":4},"end":{"line":16,"column":5}},"loc":{"start":{"line":16,"column":17},"end":{"line":27,"column":5}},"line":16},"3":{"name":"(anonymous_3)","decl":{"start":{"line":28,"column":4},"end":{"line":28,"column":5}},"loc":{"start":{"line":28,"column":48},"end":{"line":42,"column":5}},"line":28},"4":{"name":"(anonymous_4)","decl":{"start":{"line":43,"column":4},"end":{"line":43,"column":5}},"loc":{"start":{"line":43,"column":39},"end":{"line":56,"column":5}},"line":43}},"branchMap":{"0":{"loc":{"start":{"line":2,"column":22},"end":{"line":4,"column":1}},"type":"binary-expr","locations":[{"start":{"line":2,"column":23},"end":{"line":2,"column":27}},{"start":{"line":2,"column":31},"end":{"line":2,"column":51}},{"start":{"line":2,"column":56},"end":{"line":4,"column":1}}],"line":2},"1":{"loc":{"start":{"line":3,"column":11},"end":{"line":3,"column":61}},"type":"cond-expr","locations":[{"start":{"line":3,"column":37},"end":{"line":3,"column":40}},{"start":{"line":3,"column":43},"end":{"line":3,"column":61}}],"line":3},"2":{"loc":{"start":{"line":3,"column":12},"end":{"line":3,"column":33}},"type":"binary-expr","locations":[{"start":{"line":3,"column":12},"end":{"line":3,"column":15}},{"start":{"line":3,"column":19},"end":{"line":3,"column":33}}],"line":3}},"s":{"0":1,"1":1,"2":1,"3":1,"4":1,"5":1,"6":1,"7":1,"8":1,"9":1,"10":1,"11":1,"12":1,"13":0,"14":0,"15":2,"16":2,"17":2,"18":2,"19":1,"20":1,"21":1,"22":1,"23":1,"24":3,"25":3,"26":3,"27":2,"28":2,"29":1,"30":1,"31":1},"f":{"0":1,"1":1,"2":1,"3":2,"4":3},"b":{"0":[1,1,1],"1":[1,0],"2":[1,1]},"inputSourceMap":{"version":3,"file":"RolesController.js","sourceRoot":"","sources":["RolesController.ts"],"names":[],"mappings":";;;;;AACA,iFAAkC;AAElC,MAAqB,eAAe;IACzB,KAAK,CAAC,QAAQ,CAAC,EAAC,OAAO,EAAsB;QAChD,MAAM,EAAC,IAAI,EAAC,GAAG,OAAO,CAAC,GAAG,EAAE,CAAC;QAC7B,MAAM,IAAI,GAAG,IAAI,cAAI,EAAE,CAAC;QACxB,OAAO,CAAC,GAAG,CAAC,EAAC,IAAI,EAAC,CAAC,CAAC;QACpB,IAAI,CAAC,IAAI,GAAG,IAAI,CAAC;QACjB,MAAM,IAAI,CAAC,IAAI,EAAE,CAAA;QACjB,OAAM,EAAC,IAAI,EAAC,OAAO,EAAC,IAAI,EAAE,KAAK,EAAE,gBAAgB,EAAC,CAAA;IACtD,CAAC;IAEM,KAAK,CAAC,IAAI;QACb,IAAG;YACC,MAAM,KAAK,GAAG,MAAM,cAAI,CAAC,GAAG,EAAE,CAAC;YAC/B,OAAO,EAAC,OAAO,EAAC,IAAI;gBACpB,MAAM,EAAC,KAAK,EAAE,CAAC;SAClB;QAAC,OAAM,GAAG,EAAC;YACR,OAAO,CAAC,GAAG,CAAC,GAAG,CAAC,CAAC;YACjB,OAAM,EAAC,OAAO,EAAC,KAAK;gBACpB,SAAS,EAAC,wBAAwB,EAAE,CAAA;SACvC;IACL,CAAC;IAEM,KAAK,CAAC,MAAM,CAAC,EAAC,OAAO,EAAE,MAAM,EAAC,QAAQ,EAAsB;QAC/D,IAAG;YACC,MAAM,EAAE,IAAI,EAAE,GAAG,OAAO,CAAC,GAAG,EAAE,CAAC;YAC/B,MAAM,EAAE,EAAE,EAAE,GAAG,MAAM,CAAC;YACtB,MAAM,IAAI,GAAG,MAAM,cAAI,CAAC,UAAU,CAAC,EAAE,CAAC,CAAC;YACvC,IAAI,CAAC,IAAI,GAAG,IAAI,CAAC;YACjB,MAAM,IAAI,CAAC,IAAI,EAAE,CAAC;YAClB,OAAO,EAAC,OAAO,EAAC,IAAI,EAAE,SAAS,EAAE,iBAAiB,EAAC,CAAA;SACtD;QAAA,OAAO,GAAG,EAAC;YACR,OAAO,CAAC,GAAG,CAAC,GAAG,CAAC,CAAC;YACjB,OAAO,QAAQ,CAAC,MAAM,CAAC,GAAG,CAAC,CAAC,IAAI,CAAC,EAAC,OAAO,EAAC,KAAK;gBAC/C,SAAS,EAAE,wBAAwB,EAAC,CAAC,CAAA;SAExC;IACL,CAAC;IAEM,KAAK,CAAC,MAAM,CAAC,EAAC,MAAM,EAAE,QAAQ,EAAsB;QACvD,IAAG;YACC,MAAM,EAAC,EAAE,EAAC,GAAG,MAAM,CAAC;YACpB,MAAM,IAAI,GAAG,MAAM,cAAI,CAAC,UAAU,CAAC,EAAE,CAAC,CAAC;YACvC,IAAI,CAAC,QAAQ,GAAE,KAAK,CAAC;YACrB,OAAO,EAAC,OAAO,EAAC,IAAI;gBACpB,SAAS,EAAE,eAAe,EAAC,CAAC;SAC/B;QAAA,OAAM,GAAG,EAAC;YACP,OAAO,CAAC,GAAG,CAAC,GAAG,CAAC,CAAC;YACjB,OAAO,QAAQ,CAAC,MAAM,CAAC,GAAG,CAAC,CAAC,IAAI,CAAC,EAAC,OAAO,EAAC,KAAK;gBAC/C,SAAS,EAAC,sBAAsB,EAAC,CAAC,CAAA;SACrC;IACL,CAAC;CACJ;AAnDD,kCAmDC","sourcesContent":["import type { HttpContextContract } from '@ioc:Adonis/Core/HttpContext'\nimport Role from 'App/Models/Role'\n\nexport default class RolesController {   \n    public async register({request}: HttpContextContract){\n        const {Name} = request.all();\n        const role = new Role();\n        console.log({Name});\n        role.name = Name;\n        await role.save()\n        return{role,\"state\":true, \"msj\": \"Rol registrado\"}\n    }\n\n    public async list(){\n        try{\n            const roles = await Role.all();\n            return {\"state\":true,\n            \"data\":roles };\n        } catch(err){\n            console.log(err);\n            return{\"state\":false,\n            \"message\":\"error obteniendo roles\" }\n        }\n    }\n\n    public async update({request, params,response}: HttpContextContract){\n        try{\n            const { Name } = request.all();\n            const { id } = params;\n            const role = await Role.findOrFail(id);\n            role.name = Name;\n            await role.save();\n            return {\"state\":true, \"message\": \"Rol actualizado\"}\n        }catch (err){\n            console.log(err);\n            return response.status(400).json({\"state\":false,\n            \"message\": \"error actualizando rol\"})\n\n        }\n    }\n\n    public async delete({params, response}: HttpContextContract){\n        try{\n            const {id} = params;\n            const role = await Role.findOrFail(id);\n            role.isActive= false;\n            return {\"state\":true,\n            \"message\": \"Rol eliminado\"};\n        }catch(err){\n            console.log(err);\n            return response.status(400).json({\"state\":false,\n            \"message\":\"error eliminando rol\"})\n        }\n    }\n}\n"]},"_coverageSchema":"1a1c01bbd47fc00a2c39e90264f33305004495a9","hash":"4e3137c6f6616020b65fc8501b38abd3baf71674","contentHash":"8090a478b165ab55a0ac6eb3bace3fb872dcfdf46af1cecfe1f9f9425ccb2dac"},"C:\\Users\\user\\OneDrive\\Escritorio\\universidad\\bootcamp\\api-rest-ts2\\app\\Controllers\\Http\\TypesDocumentsController.ts":{"path":"C:\\Users\\user\\OneDrive\\Escritorio\\universidad\\bootcamp\\api-rest-ts2\\app\\Controllers\\Http\\TypesDocumentsController.ts","statementMap":{"0":{"start":{"line":2,"column":22},"end":{"line":4,"column":1}},"1":{"start":{"line":3,"column":4},"end":{"line":3,"column":62}},"2":{"start":{"line":5,"column":0},"end":{"line":5,"column":62}},"3":{"start":{"line":6,"column":24},"end":{"line":6,"column":98}},"4":{"start":{"line":9,"column":25},"end":{"line":9,"column":38}},"5":{"start":{"line":10,"column":24},"end":{"line":10,"column":53}},"6":{"start":{"line":11,"column":8},"end":{"line":11,"column":30}},"7":{"start":{"line":12,"column":8},"end":{"line":12,"column":28}},"8":{"start":{"line":13,"column":8},"end":{"line":13,"column":29}},"9":{"start":{"line":14,"column":8},"end":{"line":15,"column":49}},"10":{"start":{"line":18,"column":8},"end":{"line":27,"column":9}},"11":{"start":{"line":19,"column":35},"end":{"line":19,"column":70}},"12":{"start":{"line":20,"column":12},"end":{"line":21,"column":41}},"13":{"start":{"line":24,"column":12},"end":{"line":24,"column":29}},"14":{"start":{"line":25,"column":12},"end":{"line":26,"column":67}},"15":{"start":{"line":30,"column":8},"end":{"line":42,"column":9}},"16":{"start":{"line":31,"column":29},"end":{"line":31,"column":42}},"17":{"start":{"line":32,"column":27},"end":{"line":32,"column":33}},"18":{"start":{"line":33,"column":25},"end":{"line":33,"column":69}},"19":{"start":{"line":34,"column":12},"end":{"line":34,"column":29}},"20":{"start":{"line":35,"column":12},"end":{"line":35,"column":30}},"21":{"start":{"line":36,"column":12},"end":{"line":36,"column":108}},"22":{"start":{"line":39,"column":12},"end":{"line":39,"column":29}},"23":{"start":{"line":40,"column":12},"end":{"line":41,"column":69}},"24":{"start":{"line":45,"column":8},"end":{"line":56,"column":9}},"25":{"start":{"line":46,"column":27},"end":{"line":46,"column":33}},"26":{"start":{"line":47,"column":28},"end":{"line":47,"column":72}},"27":{"start":{"line":48,"column":12},"end":{"line":48,"column":37}},"28":{"start":{"line":49,"column":12},"end":{"line":50,"column":56}},"29":{"start":{"line":53,"column":12},"end":{"line":53,"column":29}},"30":{"start":{"line":54,"column":12},"end":{"line":55,"column":64}},"31":{"start":{"line":59,"column":0},"end":{"line":59,"column":43}}},"fnMap":{"0":{"name":"(anonymous_0)","decl":{"start":{"line":2,"column":56},"end":{"line":2,"column":57}},"loc":{"start":{"line":2,"column":71},"end":{"line":4,"column":1}},"line":2},"1":{"name":"(anonymous_1)","decl":{"start":{"line":8,"column":4},"end":{"line":8,"column":5}},"loc":{"start":{"line":8,"column":32},"end":{"line":16,"column":5}},"line":8},"2":{"name":"(anonymous_2)","decl":{"start":{"line":17,"column":4},"end":{"line":17,"column":5}},"loc":{"start":{"line":17,"column":17},"end":{"line":28,"column":5}},"line":17},"3":{"name":"(anonymous_3)","decl":{"start":{"line":29,"column":4},"end":{"line":29,"column":5}},"loc":{"start":{"line":29,"column":48},"end":{"line":43,"column":5}},"line":29},"4":{"name":"(anonymous_4)","decl":{"start":{"line":44,"column":4},"end":{"line":44,"column":5}},"loc":{"start":{"line":44,"column":39},"end":{"line":57,"column":5}},"line":44}},"branchMap":{"0":{"loc":{"start":{"line":2,"column":22},"end":{"line":4,"column":1}},"type":"binary-expr","locations":[{"start":{"line":2,"column":23},"end":{"line":2,"column":27}},{"start":{"line":2,"column":31},"end":{"line":2,"column":51}},{"start":{"line":2,"column":56},"end":{"line":4,"column":1}}],"line":2},"1":{"loc":{"start":{"line":3,"column":11},"end":{"line":3,"column":61}},"type":"cond-expr","locations":[{"start":{"line":3,"column":37},"end":{"line":3,"column":40}},{"start":{"line":3,"column":43},"end":{"line":3,"column":61}}],"line":3},"2":{"loc":{"start":{"line":3,"column":12},"end":{"line":3,"column":33}},"type":"binary-expr","locations":[{"start":{"line":3,"column":12},"end":{"line":3,"column":15}},{"start":{"line":3,"column":19},"end":{"line":3,"column":33}}],"line":3}},"s":{"0":1,"1":1,"2":1,"3":1,"4":1,"5":1,"6":1,"7":1,"8":1,"9":1,"10":1,"11":1,"12":1,"13":0,"14":0,"15":2,"16":2,"17":2,"18":2,"19":1,"20":1,"21":1,"22":1,"23":1,"24":1,"25":1,"26":1,"27":0,"28":0,"29":1,"30":1,"31":1},"f":{"0":1,"1":1,"2":1,"3":2,"4":1},"b":{"0":[1,1,1],"1":[1,0],"2":[1,1]},"inputSourceMap":{"version":3,"file":"TypesDocumentsController.js","sourceRoot":"","sources":["TypesDocumentsController.ts"],"names":[],"mappings":";;;;;AACA,mGAAqD;AACrD,MAAqB,wBAAwB;IAEtC,KAAK,CAAC,QAAQ,CAAC,EAAC,OAAO,EAAsB;QAC5C,MAAM,EAAC,IAAI,EAAC,GAAG,OAAO,CAAC,GAAG,EAAE,CAAC;QAC7B,MAAM,OAAO,GAAG,IAAI,uBAAa,EAAE,CAAC;QACpC,OAAO,CAAC,GAAG,CAAC,EAAC,IAAI,EAAC,CAAC,CAAC;QACpB,OAAO,CAAC,IAAI,GAAG,IAAI,CAAC;QACpB,MAAM,OAAO,CAAC,IAAI,EAAE,CAAC;QACrB,OAAM,EAAC,OAAO,EAAC,IAAI;YAClB,KAAK,EAAE,2BAA2B,EAAC,CAAA;IACxC,CAAC;IACE,KAAK,CAAC,IAAI;QACb,IAAG;YACC,MAAM,cAAc,GAAG,MAAM,uBAAa,CAAC,GAAG,EAAE,CAAC;YACjD,OAAO,EAAC,OAAO,EAAC,IAAI;gBACpB,MAAM,EAAC,cAAc,EAAE,CAAC;SAC3B;QAAC,OAAM,GAAG,EAAC;YACR,OAAO,CAAC,GAAG,CAAC,GAAG,CAAC,CAAC;YACjB,OAAM,EAAC,OAAO,EAAC,KAAK;gBACxB,SAAS,EAAC,qCAAqC,EAAE,CAAA;SAChD;IACD,CAAC;IACM,KAAK,CAAC,MAAM,CAAC,EAAC,OAAO,EAAE,MAAM,EAAE,QAAQ,EAAsB;QAChE,IAAG;YACC,MAAM,EAAE,IAAI,EAAE,GAAG,OAAO,CAAC,GAAG,EAAE,CAAC;YAC/B,MAAM,EAAE,EAAE,EAAE,GAAG,MAAM,CAAC;YACtB,MAAM,IAAI,GAAG,MAAM,uBAAa,CAAC,UAAU,CAAC,EAAE,CAAC,CAAC;YAChD,IAAI,CAAC,IAAI,GAAG,IAAI,CAAC;YACjB,MAAM,IAAI,CAAC,IAAI,EAAE,CAAC;YAClB,OAAO,QAAQ,CAAC,MAAM,CAAC,GAAG,CAAC,CAAC,IAAI,CAAC,EAAC,OAAO,EAAC,IAAI,EAAE,SAAS,EAAE,+BAA+B,EAAC,CAAC,CAAA;SAC/F;QAAA,OAAO,GAAG,EAAC;YACR,OAAO,CAAC,GAAG,CAAC,GAAG,CAAC,CAAC;YACjB,OAAO,QAAQ,CAAC,MAAM,CAAC,GAAG,CAAC,CAAC,IAAI,CAAC,EAAC,OAAO,EAAC,KAAK;gBAC/C,SAAS,EAAE,sCAAsC,EAAC,CAAC,CAAA;SAEtD;IACL,CAAC;IACM,KAAK,CAAC,MAAM,CAAC,EAAC,MAAM,EAAC,QAAQ,EAAsB;QACtD,IAAG;YACH,MAAM,EAAC,EAAE,EAAC,GAAG,MAAM,CAAC;YACpB,MAAM,OAAO,GAAG,MAAM,uBAAa,CAAC,UAAU,CAAC,EAAE,CAAC,CAAC;YACnD,OAAO,CAAC,QAAQ,GAAG,KAAK,CAAC;YACzB,OAAO,EAAC,OAAO,EAAC,IAAI;gBACpB,SAAS,EAAE,0BAA0B,EAAC,CAAC;SAC1C;QAAA,OAAM,GAAG,EAAC;YACP,OAAO,CAAC,GAAG,CAAC,GAAG,CAAC,CAAC;YACjB,OAAO,QAAQ,CAAC,MAAM,CAAC,GAAG,CAAC,CAAC,IAAI,CAAC,EAAC,OAAO,EAAC,KAAK;gBACnD,SAAS,EAAC,iCAAiC,EAAC,CAAC,CAAA;SAC5C;IACL,CAAC;CAEA;AAnDD,2CAmDC","sourcesContent":["import type { HttpContextContract } from '@ioc:Adonis/Core/HttpContext'\nimport TypesDocument from 'App/Models/TypesDocument';\nexport default class TypesDocumentsController {\n\npublic async register({request}: HttpContextContract){\n        const {Name} = request.all();\n        const tipoDoc = new TypesDocument();\n        console.log({Name});\n        tipoDoc.name = Name;\n        await tipoDoc.save();\n        return{\"state\":true,\n         \"msj\": \"Tipo Documento registrado\"}\n    }\npublic async list(){\n    try{\n        const typesDocuments = await TypesDocument.all();\n        return {\"state\":true,\n        \"data\":typesDocuments };\n    } catch(err){\n        console.log(err);\n        return{\"state\":false,\n    \"message\":\"error obteniendo tipos de documento\" }\n    }\n    }\n    public async update({request, params, response}: HttpContextContract){\n        try{\n            const { Name } = request.all();\n            const { id } = params;\n            const Type = await TypesDocument.findOrFail(id);\n            Type.name = Name;\n            await Type.save();\n            return response.status(200).json({\"state\":true, \"message\": \"tipo de documento actualizado\"})\n        }catch (err){\n            console.log(err);\n            return response.status(400).json({\"state\":false,\n            \"message\": \"error actualizando tipo de documento\"})\n\n        }\n    }\n    public async delete({params,response}: HttpContextContract){\n        try{\n        const {id} = params;\n        const tipoDoc = await TypesDocument.findOrFail(id);\n        tipoDoc.isActive = false;\n        return {\"state\":true,\n        \"message\": \"Tipo Documento eliminado\"};\n    }catch(err){\n        console.log(err);\n        return response.status(400).json({\"state\":false,\n    \"message\":\"error eliminando tipo documento\"})\n    }\n}\n    \n}\n"]},"_coverageSchema":"1a1c01bbd47fc00a2c39e90264f33305004495a9","hash":"99d5cf35aef36f64209e179dc2fb0436b7d8ec9e","contentHash":"641575d2164a1fe7356e9ff97707c89c4269c8bc3788d6af80f68ede8ef6b2c9"}}